FBNFA constructed
Equivalent FBDFA:
s,s*s0,s*s1,s*s0*s00,s*s01*s1,s*s0*s10,s*s1*s11,s*s0*s00*s000,s*s0*s010*s10,s*s01*s1*s101,s*s1*s11*s111
s*s0*s00*s000,s*s0*s010*s10,s*s01*s1*s101,s*s1*s11*s111
all,last,before,non
0,1
s
s,s*s0,0#s,s*s1,1#s*s0,s*s0*s00,0#s*s0,s*s01*s1,1#s*s1,s*s0*s10,0#s*s1,s*s1*s11,1#s*s0*s00,s*s0*s00*s000,0#s*s0*s00,s*s01*s1,1#s*s01*s1,s*s0*s010*s10,0#s*s01*s1,s*s1*s11,1#s*s0*s10,s*s0*s00,0#s*s0*s10,s*s01*s1*s101,1#s*s1*s11,s*s0*s10,0#s*s1*s11,s*s1*s11*s111,1#s*s0*s00*s000,s*s0*s00*s000,0#s*s0*s00*s000,s*s01*s1,1#s*s0*s010*s10,s*s0*s00,0#s*s0*s010*s10,s*s01*s1*s101,1#s*s01*s1*s101,s*s0*s010*s10,0#s*s01*s1*s101,s*s1*s11,1#s*s1*s11*s111,s*s0*s10,0#s*s1*s11*s111,s*s1*s11*s111,1
0,0,0,1,0,1,1,0,1#1,1,1,0,0,0,0,0,0,1,0,0,1,0,1,1,1,1#0,1,0#1,0,0,1,1,1,0,1,1,1,0,0,1,1,1,0,0,1,1,0,0#0,0,0,0,1,0,0,1,1,0,0#0,1,0,0,1,1,0,1,0,1,0,0,1,1,1,1#0,1,1,0,1,1,0,0,1,0,1,1,1,0,1,0,1,0#1,1,1,1#1,1,0,1,0,1,1,0#0,0,0,1,0,1#1,0,0#1,1,1,0,1,1,0,1,0,1,1,0,1,1,0,1,1,1,1#0,1,0,1,1,1#0,1,1,0,0,1#0,1,0,0,0,1,1,1,1,0,1,1,0,0,0,0,0,0,1,0#1,1
FBDFA constructed
<before,"0,0,0,1,0,1,1,0,1">
<non,"1,1,1,0,0,0,0,0,0,1,0,0,1,0,1,1,1,1">
<last,"0,1,0">
<non,"1,0,0,1,1,1,0,1,1,1,0,0,1,1,1"><Error,"0,0,1,1,0,0">
<last,"0,0,0,0,1,0"><Error,"0,1,1,0,0">
<non,"0,1,0,0,1,1,0,1,0,1,0,0,1,1,1,1">
<last,"0,1,1,0,1,1,0,0,1,0,1,1,1,0,1,0,1,0">
<non,"1,1,1,1">
<before,"1,1,0,1,0,1"><Error,"1,0">
<before,"0,0,0,1,0,1">
<Error,"1,0,0">
<non,"1,1,1,0,1,1,0,1,0,1,1,0,1,1,0,1,1,1,1">
<non,"0,1,0,1,1,1">
<Error,"0,1,1,0,0,1">
<last,"0,1,0,0,0,1,1,1,1,0,1,1,0,0,0,0,0,0,1,0">
<Error,"1,1">

FBNFA constructed
Equivalent FBDFA:
o1*s*z1,o1*z2,o2*z1,o1*z1,o2*z2
o1*s*z1,o2*z1,o1*z1,o2*z2
zero,one,zero,one
0,1
o1*s*z1
o1*s*z1,o1*z2,0#o1*s*z1,o2*z1,1#o1*z2,o1*z1,0#o1*z2,o2*z2,1#o2*z1,o2*z2,0#o2*z1,o1*z1,1#o1*z1,o1*z2,0#o1*z1,o2*z1,1#o2*z2,o2*z1,0#o2*z2,o1*z2,1
0,1,0,0,1,0#1,0,0,1,1#0,0,1,1,1,1,1,1#1,0,1,0,1,0,1,0,1,0,1,1,0,0,0,1#1,0,1,0,0,1,0,0,0,0,1,0,0,1,0,0,1,1#1,0,0,0,0#1,1,0,1,0,0,1,0,0,1,0,0,0,1,0,1,1,0#0,1,1,1
FBDFA constructed
<zero,"0,1,0,0,1,0">
<one,"1,0,0,1,1">
<zero,"0,0,1,1,1,1,1,1">
<zero,"1,0,1,0,1,0,1,0,1,0,1,1,0,0,0,1">
<one,"1,0,1,0,0,1,0,0,0,0,1,0,0,1,0,0,1,1">
<one,"1,0,0,0,0">
<zero,"1,1,0,1,0,0,1,0,0,1,0,0,0,1,0,1,1,0">
<one,"0,1,1,1">

