FBNFA constructed
Equivalent FBDFA:
hx45*kbw,fh4*gu8*hx45*kbw*qcqk1*uusoq*vk48*wb562*zthsm,uusoq*vk48,vk48,Dead
hx45*kbw,fh4*gu8*hx45*kbw*qcqk1*uusoq*vk48*wb562*zthsm,uusoq*vk48,vk48
qldvl06398,qldvl06398,tby5386,tby5386
39,15,4,9,51,0,3,36,70,06,2
hx45*kbw
hx45*kbw,Dead,39#hx45*kbw,hx45*kbw,15#hx45*kbw,fh4*gu8*hx45*kbw*qcqk1*uusoq*vk48*wb562*zthsm,4#hx45*kbw,Dead,9#hx45*kbw,Dead,51#hx45*kbw,uusoq*vk48,0#hx45*kbw,Dead,3#hx45*kbw,fh4*gu8*hx45*kbw*qcqk1*uusoq*vk48*wb562*zthsm,36#hx45*kbw,Dead,70#hx45*kbw,Dead,06#hx45*kbw,fh4*gu8*hx45*kbw*qcqk1*uusoq*vk48*wb562*zthsm,2#fh4*gu8*hx45*kbw*qcqk1*uusoq*vk48*wb562*zthsm,Dead,39#fh4*gu8*hx45*kbw*qcqk1*uusoq*vk48*wb562*zthsm,hx45*kbw,15#fh4*gu8*hx45*kbw*qcqk1*uusoq*vk48*wb562*zthsm,fh4*gu8*hx45*kbw*qcqk1*uusoq*vk48*wb562*zthsm,4#fh4*gu8*hx45*kbw*qcqk1*uusoq*vk48*wb562*zthsm,fh4*gu8*hx45*kbw*qcqk1*uusoq*vk48*wb562*zthsm,9#fh4*gu8*hx45*kbw*qcqk1*uusoq*vk48*wb562*zthsm,fh4*gu8*hx45*kbw*qcqk1*uusoq*vk48*wb562*zthsm,51#fh4*gu8*hx45*kbw*qcqk1*uusoq*vk48*wb562*zthsm,uusoq*vk48,0#fh4*gu8*hx45*kbw*qcqk1*uusoq*vk48*wb562*zthsm,fh4*gu8*hx45*kbw*qcqk1*uusoq*vk48*wb562*zthsm,3#fh4*gu8*hx45*kbw*qcqk1*uusoq*vk48*wb562*zthsm,fh4*gu8*hx45*kbw*qcqk1*uusoq*vk48*wb562*zthsm,36#fh4*gu8*hx45*kbw*qcqk1*uusoq*vk48*wb562*zthsm,vk48,70#fh4*gu8*hx45*kbw*qcqk1*uusoq*vk48*wb562*zthsm,fh4*gu8*hx45*kbw*qcqk1*uusoq*vk48*wb562*zthsm,06#fh4*gu8*hx45*kbw*qcqk1*uusoq*vk48*wb562*zthsm,fh4*gu8*hx45*kbw*qcqk1*uusoq*vk48*wb562*zthsm,2#uusoq*vk48,Dead,39#uusoq*vk48,Dead,15#uusoq*vk48,Dead,4#uusoq*vk48,fh4*gu8*hx45*kbw*qcqk1*uusoq*vk48*wb562*zthsm,9#uusoq*vk48,Dead,51#uusoq*vk48,Dead,0#uusoq*vk48,fh4*gu8*hx45*kbw*qcqk1*uusoq*vk48*wb562*zthsm,3#uusoq*vk48,fh4*gu8*hx45*kbw*qcqk1*uusoq*vk48*wb562*zthsm,36#uusoq*vk48,Dead,70#uusoq*vk48,fh4*gu8*hx45*kbw*qcqk1*uusoq*vk48*wb562*zthsm,06#uusoq*vk48,Dead,2#vk48,Dead,39#vk48,Dead,15#vk48,Dead,4#vk48,fh4*gu8*hx45*kbw*qcqk1*uusoq*vk48*wb562*zthsm,9#vk48,Dead,51#vk48,Dead,0#vk48,fh4*gu8*hx45*kbw*qcqk1*uusoq*vk48*wb562*zthsm,3#vk48,Dead,36#vk48,Dead,70#vk48,fh4*gu8*hx45*kbw*qcqk1*uusoq*vk48*wb562*zthsm,06#vk48,Dead,2#Dead,Dead,39#Dead,Dead,15#Dead,Dead,4#Dead,Dead,9#Dead,Dead,51#Dead,Dead,0#Dead,Dead,3#Dead,Dead,36#Dead,Dead,70#Dead,Dead,06#Dead,Dead,2
15,15,15,0,15,0,36,15,4,15,0,0,15,0,15,36,36,15,36,15,4,15,0,15,4,15,0#15,0,15,4,36,15,0,0,15,36,15,4,36,15,0,0,0#15,0,15,36,0#4,15,4,15,4,0,36,4,15,15,4,2,15,0,15,36,2#4,15,36,36,4,4,15,0,15,4,15,0#15,36,15,4#15,4,15,15,4,4,15,0,15,0,36,15,36,15,0,36,36,15,0,0,15,0,36#36,2,36,15,15,4,15,4,36,15,0,15,4,15,36,0#36,4,15,36#15,0,15,0,15,0,15,15,15,36#0,15,15,0,4,15,15,4,15,4,15,0,15,0,15,36,4,36,4,15,4,15,4,0,3,9,36,9,06,36,0,2,9,9,2,9,70,06,2,70,9,3,2,51,15,15,70,4,36#15,15,36,15,0,0,0,0,2,15,36,0,15,15,4#15,36,3,9,36,9,06,36,0,2,9,9,2,9,70,06,2,70,9,3,2,51,15,15,70,4,15,0,36,36,15,36,4,15,15,4,0,36,15,4,15,4,0,15,36,36,15,15,4,15,0,15,0#4,15,36,15,0,4,15,36,15,0,36#36,15,36,15,2,15,0,15,36,0,36,15#4,36,4,15,36,15,0,36,15,4,4,15,4,4,15,0,15,36,15,0,15,0,0,2,3,9,36,9,06,36,0,2,9,9,2,9,70,06,2,70,9,3,2,51,15,15,70,4,2#15,36,0,2,4,0,15,0,15,15,4,15,36,36,15,0,36,15,15,0,0#15,36,15,15,15,4,0,15,15,0,15,15,15,4,0#15,0,15,36,3,9,36,9,06,36,0,2,9,9,2,9,70,06,2,70,9,3,2,51,15,15,70,4,0,4,15,15,15,4,36#36,36,15#36,15,0,15,0,4,15,0,15,15,0,15#15,15,4,15,36,15,0,3,9,36,9,06,36,0,2,9,9,2,9,70,06,2,70,9,3,2,51,15,15,70,4,36,0,36,15,15,4,36,4,0,4#15,4,15,4,15,0,0,36,15,0,15,36,0,0,0,36,15,4,36,3,9,36,9,06,36,0,2,9,9,2,9,70,06,2,70,9,3,2,51,15,15,70,4#15,15,15,0,0,15,4,15,36,15,0,15#15,15,4,36,15,0,15,4,15,15,0,0,15,4,15,0,15,0,15,15,0,36,15,4,4#15,15,15,15,4,4,15,4,15,4#36,4,0,0,4,15,4#4,15,36,36#15,0,4,0,4,15,15,15,0,0,15,4,0,15,0,15,15,15,15,4,2,15,15,15#15,0,36,0,36,0,15,4#15,15,0,15,0,15,15,15,0,0,15,36,36,0,15,36,15,0,15,4,0,0,36,0,15,36,15#15,0,36,15,36,3,9,36,9,06,36,0,2,9,9,2,9,70,06,2,70,9,3,2,51,15,15,70,4,15,0,15,4,15,15,0,15,15,15,15,15,0,36,15,0,0,4,15,0,15,15,15,0,15,4,4,15,0,4,15,15,36,15,15,0,15,15,15,36,0,0,36,4,15,15,15,15,0,15,4,15,15,15,0,15,0,15,4,15,4,15,0,0,15,4
FBDFA constructed
<tby5386,"15,15,15,0"><tby5386,"15,0,36,15,4,15,0"><tby5386,"0"><tby5386,"15,0"><tby5386,"15,36,36,15,36,15,4,15,0"><tby5386,"15,4,15,0">
<tby5386,"15,0"><tby5386,"15,4,36,15,0"><tby5386,"0"><tby5386,"15,36,15,4,36,15,0"><tby5386,"0"><tby5386,"0">
<tby5386,"15,0"><tby5386,"15,36,0">
<tby5386,"4,15,4,15,4,0,36,4,15,15,4,2,15,0"><qldvl06398,"15,36,2">
<tby5386,"4,15,36,36,4,4,15,0"><tby5386,"15,4,15,0">
<qldvl06398,"15,36,15,4">
<tby5386,"15,4,15,15,4,4,15,0"><tby5386,"15,0,36,15,36,15,0,36,36,15,0"><tby5386,"0"><qldvl06398,"15,0,36">
<tby5386,"36,2,36,15,15,4,15,4,36,15,0"><tby5386,"15,4,15,36,0">
<qldvl06398,"36,4,15,36">
<tby5386,"15,0"><tby5386,"15,0"><tby5386,"15,0"><qldvl06398,"15,15,15,36">
<Error,"0,15,15,0,4,15,15,4,15,4,15,0,15,0,15,36,4,36,4,15,4,15,4,0,3,9,36,9,06,36,0,2,9,9,2,9,70,06,2,70,9,3,2,51,15,15,70,4,36">
<tby5386,"15,15,36,15,0"><tby5386,"0"><tby5386,"0"><tby5386,"0"><tby5386,"2,15,36,0"><qldvl06398,"15,15,4">
<tby5386,"15,36,3,9,36,9,06,36,0"><qldvl06398,"2,9,9,2,9,70,06,2,70,9,3,2,51,15,15"><Error,"70,4,15,0,36,36,15,36,4,15,15,4,0,36,15,4,15,4,0,15,36,36,15,15,4,15,0,15,0">
<tby5386,"4,15,36,15,0"><qldvl06398,"4,15,36,15,0,36">
<tby5386,"36,15,36,15,2,15,0"><qldvl06398,"15,36,0,36,15">
<tby5386,"4,36,4,15,36,15,0,36,15,4,4,15,4,4,15,0"><tby5386,"15,36,15,0"><tby5386,"15,0"><tby5386,"0"><tby5386,"2,3,9,36,9,06,36,0"><qldvl06398,"2,9,9,2,9,70,06,2,70,9,3,2,51,15,15"><Error,"70,4,2">
<tby5386,"15,36,0"><tby5386,"2,4,0"><tby5386,"15,0"><tby5386,"15,15,4,15,36,36,15,0,36,15,15,0"><tby5386,"0">
<tby5386,"15,36,15,15,15,4,0"><tby5386,"15,15,0"><tby5386,"15,15,15,4,0">
<tby5386,"15,0"><tby5386,"15,36,3,9,36,9,06,36,0"><qldvl06398,"2,9,9,2,9,70,06,2,70,9,3,2,51,15,15"><Error,"70,4,0,4,15,15,15,4,36">
<qldvl06398,"36,36,15">
<tby5386,"36,15,0"><tby5386,"15,0"><tby5386,"4,15,0"><tby5386,"15,15,0"><qldvl06398,"15">
<tby5386,"15,15,4,15,36,15,0,3,9,36,9,06,36,0"><qldvl06398,"2,9,9,2,9,70,06,2,70,9,3,2,51,15,15"><Error,"70,4,36,0,36,15,15,4,36,4,0,4">
<tby5386,"15,4,15,4,15,0"><tby5386,"0,36,15,0"><tby5386,"15,36,0"><tby5386,"0"><tby5386,"0,36,15,4,36,3,9,36,9,06,36,0"><qldvl06398,"2,9,9,2,9,70,06,2,70,9,3,2,51,15,15"><Error,"70,4">
<tby5386,"15,15,15,0"><tby5386,"0"><tby5386,"15,4,15,36,15,0"><qldvl06398,"15">
<tby5386,"15,15,4,36,15,0"><tby5386,"15,4,15,15,0"><tby5386,"0"><tby5386,"15,4,15,0"><tby5386,"15,0"><qldvl06398,"15,15,0,36,15,4,4">
<qldvl06398,"15,15,15,15,4,4,15,4,15,4">
<tby5386,"36,4,0"><tby5386,"0"><qldvl06398,"4,15,4">
<qldvl06398,"4,15,36,36">
<tby5386,"15,0"><tby5386,"4,0"><tby5386,"4,15,15,15,0"><tby5386,"0"><tby5386,"15,4,0"><tby5386,"15,0"><qldvl06398,"15,15,15,15,4,2,15,15,15">
<tby5386,"15,0,36,0,36,0"><qldvl06398,"15,4">
<tby5386,"15,15,0"><tby5386,"15,0"><tby5386,"15,15,15,0"><tby5386,"0"><tby5386,"15,36,36,0"><tby5386,"15,36,15,0"><tby5386,"15,4,0"><tby5386,"0,36,0"><qldvl06398,"15,36,15">
<tby5386,"15,0,36,15,36,3,9,36,9,06,36,0"><qldvl06398,"2,9,9,2,9,70,06,2,70,9,3,2,51,15,15"><Error,"70,4,15,0,15,4,15,15,0,15,15,15,15,15,0,36,15,0,0,4,15,0,15,15,15,0,15,4,4,15,0,4,15,15,36,15,15,0,15,15,15,36,0,0,36,4,15,15,15,15,0,15,4,15,15,15,0,15,0,15,4,15,4,15,0,0,15,4">


