FBNFA constructed
Equivalent FBDFA:
djuu4*whw,djuu4*dq907*whw,zmx11,om*zmx11,djuu4*om*whw*zmx11,djuu4*kh529*whw,djuu4*dq907*kh529*whw,whw,djuu4*dq907*whw*zmx11,whw*zmx11,dq907,Dead
djuu4*whw,djuu4*dq907*whw,zmx11,om*zmx11,djuu4*om*whw*zmx11,djuu4*kh529*whw,djuu4*dq907*kh529*whw,whw,djuu4*dq907*whw*zmx11,whw*zmx11
tc,tc,xflnvup,xflnvup,xflnvup,tc,tc,tc,xflnvup,xflnvup
29,52,98
djuu4*whw
djuu4*whw,Dead,29#djuu4*whw,Dead,52#djuu4*whw,djuu4*dq907*whw,98#djuu4*dq907*whw,Dead,29#djuu4*dq907*whw,zmx11,52#djuu4*dq907*whw,djuu4*dq907*whw,98#zmx11,Dead,29#zmx11,om*zmx11,52#zmx11,djuu4*whw,98#om*zmx11,Dead,29#om*zmx11,djuu4*om*whw*zmx11,52#om*zmx11,djuu4*kh529*whw,98#djuu4*om*whw*zmx11,Dead,29#djuu4*om*whw*zmx11,djuu4*om*whw*zmx11,52#djuu4*om*whw*zmx11,djuu4*dq907*kh529*whw,98#djuu4*kh529*whw,Dead,29#djuu4*kh529*whw,whw,52#djuu4*kh529*whw,djuu4*dq907*whw*zmx11,98#djuu4*dq907*kh529*whw,Dead,29#djuu4*dq907*kh529*whw,whw*zmx11,52#djuu4*dq907*kh529*whw,djuu4*dq907*whw*zmx11,98#whw,Dead,29#whw,Dead,52#whw,dq907,98#djuu4*dq907*whw*zmx11,Dead,29#djuu4*dq907*whw*zmx11,om*zmx11,52#djuu4*dq907*whw*zmx11,djuu4*dq907*whw,98#whw*zmx11,Dead,29#whw*zmx11,om*zmx11,52#whw*zmx11,djuu4*dq907*whw,98#dq907,Dead,29#dq907,zmx11,52#dq907,Dead,98#Dead,Dead,29#Dead,Dead,52#Dead,Dead,98
98,98,98,98,98,52,52,98,98,98,98,98,52,98,98,52,52,98,52,52,98,98,98,52,98,52,52,98,98,52,52,52,98,52,52,98,52,52,98,52,52,98,98,52,52,98,98,52,98,98,52,52#98,98,98,52,52,98,52,52,98,98,52,52,98,98,98,52,98,52,98,52,98,98,52,98#98,98,98,52,52,98,98,52,98,98,52,52#98,52,98,98,52,52,98,98,52,52,98,98,52,52,98,98,52,98,98,52,52,98,98,52,52,98,98,52,98,98,52,98,98,98,98,52,52,52#98,52,98,98,52,52,98,98,52,52,98,98,52,98,98,98,52,52,98,98,52,52,98#98,52,52,98,98,52,52,98,52,98,98,98,98,52,52,52,98,98,52,52,98,98,52,98,98,52,52,98,98,52,52,98,98,52,52,98,98,52,52,52,98,52,52,98,98,98,52,98,98#98,98,98,52,52,98,98,52,98,98,98,52,52,98,98,98,98,52,52,98,98,52,52,98,98,52,98,98,52,52,98,98,98,52,98,98,52,52,98,52,52,98,98,98,52,98,98,98,98#98,52,52,52,98,52,52,98,98,52,98,98,98,98,52,52,98,98,52,52,98,52,98,98,52,98,98,98,98,52,52,98,98,52,98#98,52,52,98,98,52,52,98,98,52,98,98,52,52,98,98,52,52,98,52,98,98,52,98,98,98,52,52,98,98#98,52,52,52,98,98,98,98,98,52,52,52,98,52,52,98,98,98,98,98,52,52,98,98,52,98,98,52,52,98,98,52,98,98,98,98,52,98,98,52,98,98,98,98,98,52,98,98,52,98,52,52,98,98,98,52,52,98#98,98,98,98,98,52,52,98,98,52,98,98,98,52,52,98,52,98,98,52,98#98,52,98,98,98,52,98,52,98,98,52,52,98,98,52,52,98,98,52,52,98,52,52,98,98,52,52,98,98,98,52#98,52,52,98,52,52,98,98,52,52,98,98,98,52,52,98,98,52,52,98,98,98,52,52,98,98,52,98,52,52,98,52,98,98,52,98,98,52,98,98,52,52,98,98,98,52,98,98,52,52,98,98,98,98#98,52,98,98,52,52,98,98,52,98,98,52,52,52,98,52,52,98,52,98,98,52,98,98,98,52,98#98,52,98,52,98,98,52,98,98,52,98,98,52,98,98#98,98,98,52,98,98,52,52,52,98,98,52,98,98,52,98,98,98,98,98,98,98,98,52,52,98,98,52,98,98,52,52,52,98,52,98,52,98,98,98,98,52,52,98,98,52,52#98,52,98,98,98,98,98,98,98,52,52,52,98,52,52,98,98,52,98,52,98#98,52,52,52,98,52,52,98,98,98,98,52,98,52,52,98,98,52,52,98#98,52,52,98,52,52,98,98,52,98,98,52,98,98,98,52,52,52,98,52#98,98,52,98,52,52,98,98,52,98,98,52,98,98,52,98,98,52,52,98#98,52,52,98,98,52,52,98,98,98,98,98,98,98,98,52,98,52,98,98,52,52,98,98,52,52,98,98,98,52,98,98,52,52,98,98,98,98,98,52,98,98,98,98,52,98,98,52,52,98,98,52,52,98,52,98,98#98,52,52,98,98,98,98,52,98,52,52,98,98,52,98#98,52,52,52,98,98,98,98,52,98,98,52,52,98,98,52,52,98,98,98,52,98,52,52,52,98,52,52,98,52,98,98,98,98,52,98,98,98,98,52,52,98,98,98,98,98,98,98,52,98,52,98,98,52,52,98,98,52,52,98#98,52,52,98,98,98,52,98,98,52,52,98,98,52,98,98,52,98,98,52,98,98,52,98,98,52,98,98,52,52,98,98,98,98,52,98,98,52,52,52,98,52,98,98,52,52,98,98,52,52#98,52,52,52,98,52,52,98,98,98,98,98,52,52,98,52,52,98,98,52,98,52,52,98,98,52,52,98,98,52,52,98,98,52,52,98,98,52,98,52,98#98,98,52,98,52,98,98,52,98,98,52,52,98,52,98,52,52,98,98,52,52,98,98,52,52#98,52,52,98,52,98,98,98,52,52,98,98,98,98,98,52,52,98,52,52,98,52,98,52,52,98,52,52,98,52,52,98,98,52,52,98,98,98,52,52,52,98,52,52,52,98,98,98,98,52,52,98,98,52,52#98,52,98,98,52,52,98,98,98,52,98,52,52,98,98,52,52,52,98,98,98,98,98,98,52,98,98,98,98,52,98,52,98,98,98,52,52,98,52,52,98,98,98,98,52,98#98,52,52,52,98,52,52,98,52,98,98,52,52,98,98,52,52,98,52,52,98,52,52,52,98,98,98,52,98,98,52,52,52,98,52,52,98,98,52,98,98,52,52,52,98,52,98,98,52,98,98,52,98#98,52,52,98,98,52,52,98,52,98,98,52,98,98,98,98,52,52,98,98,52,98,98,52,52,52,98,98,52,52,52,98,98,52,98,98,98,52,52,98,98,52,98,98,52,98,98,52,52,98,98,98,52,98,98,52,52,52,98,98#98,52,52,98,98,52,98,52,98,98,98,98,52,98,98,52,52,98,98,98,98,52,52,52,98,52,52,98,52,98,98,98,98,98,52,52,52,98,52,98,98,52,52,52,98,52,52,98,52,52,98,98,52,52,98,98,52,52,98#98,52,52,98,52,98,98,52,52,98,98,52,98,98,52,98,98,98,98,98,52,52,98,98,52,52,98,98,52,98,98,98,98,98,52,52,52,98,52,52,98#98,98,52,98,52,52,98,98,52,52,98,98,52,52,98,98,52,98,98,52,98,98,52,98,98,52,52,98,98,98,98,98,98,98,98,98,52,98,98,52,98,98,52,52,52,98,52,52,98,98,52,98,98,52,98#98,52,52,52,98,52,98,98,52,98,98,52,52,98,52,52,98,98,98,52,52,98,52,98,98#98,52,98,98,52,52,98,98,52,98,98,52,98,98,52,52,98,98,98,52,98,98,52,98,98,98,52,52,98#98,52,98,98,52,52,98,98,52,52,98,98,52,52,52,98,52,98,98,52,98,98,52,98,98,98,98,98,98,98,52,52,98,52,52,52,98,98,98,98,98,98,98,52,98,98,52,52,98,98,52,52,52#98,52,52,52,98,98,52,52,98,98,52,52,98,52,98,98,52,52,98,98,98,98,98,52,52,98,98,52,52,98,98,52,52#98,52,52,98,98,98,52#98,52,52,98,98,52,52,98,98,98,98,98,98,98,98,52,52,98,98,52,52,98,98,52,52#98,98,52,98,52,98,98,52,52,52,98,52,98,98,98,98,52,52,98,52,52,98,52,98,98,52,52,98,52,98,98,52,98,98,98,52,98#98,98,52,52,98,98,98,52,98,98,98,98,98,52,52,52#98,52,98,98,52,52,52,98,98,98,52,98,98,98,52,98,98,52,52,98,52,98,98,98,52,52,98,98,98,98,98,98,98,98,98,52,52,98#98,98,52,98,98,52,52,98,98,52,52,98,98,52,52,98,52,98,98,98,98,52,52,98,98,52,52,98,98,98,52,52,52,98,52,98,52,98,98,52,98,52,98,98,98,98,98,98,52,98,98,52,52#98,52,98,98,52,52,98,98,52,52,98,98,98,52,98,98,52,52,52,98,52,98,98,52,52,98,98,52,52,52,98,52,52,98,98,52,52,98,98,98,52,52,98,98,52,98,98,52,52,98,52,52#98,98,52,98#98,52,52,98,98,98,98,52,52,98,98,52,98,98,52,52,52,98,52,52,98,98,98,98,98,52,98,98,52,52,98,98,98,52,98,98,52,52,98,98,98,98,52,52,98,98,98,98,52,52,98#98,98,98,52,98,98,52,52,98,52,98,98,52,52,52,98,52,98,98,98,98,98,52,98,98,52,98,98,52,98,98,98,98
FBDFA constructed
<tc,"98,98,98,98,98,52,52,98,98,98,98,98,52,98,98,52,52,98,52"><Error,"52,98,98,98,52,98,52,52,98,98,52,52,52,98,52,52,98,52,52,98,52,52,98,98,52,52,98,98,52,98,98,52,52">
<tc,"98,98,98,52,52,98,52"><Error,"52,98,98,52,52,98,98,98,52,98,52,98,52,98,98,52,98">
<xflnvup,"98,98,98,52,52,98,98,52,98,98,52,52">
<xflnvup,"98,52,98,98,52,52,98,98,52,52,98,98,52,52,98,98,52,98,98,52,52,98,98,52,52,98,98,52,98,98,52,98,98,98,98,52,52,52">
<tc,"98,52,98,98,52,52,98,98,52,52,98,98,52,98,98,98,52,52,98,98,52,52,98">
<tc,"98,52,52,98,98,52,52,98,52,98,98,98,98,52,52,52,98,98,52,52,98,98,52,98,98,52,52,98,98,52,52,98,98,52,52,98,98,52,52,52,98,52,52,98,98,98,52,98,98">
<tc,"98,98,98,52,52,98,98,52,98,98,98,52,52,98,98,98,98,52,52,98,98,52,52,98,98,52,98,98,52,52,98,98,98,52,98,98,52,52,98,52"><Error,"52,98,98,98,52,98,98,98,98">
<tc,"98,52,52,52,98,52,52,98,98,52,98,98,98,98,52,52,98,98,52,52,98,52,98,98,52,98,98,98,98,52,52,98,98,52,98">
<xflnvup,"98,52,52,98,98,52,52,98,98,52,98,98,52,52,98,98,52,52,98,52,98,98,52,98,98,98,52,52,98,98">
<tc,"98,52,52,52,98,98,98,98,98,52,52,52,98,52,52,98,98,98,98,98,52,52,98,98,52,98,98,52,52,98,98,52,98,98,98,98,52,98,98,52,98,98,98,98,98,52,98,98,52,98"><Error,"52,52,98,98,98,52,52,98">
<tc,"98,98,98,98,98,52,52,98,98,52,98,98,98,52,52,98,52"><tc,"98,98,52,98">
<tc,"98,52,98,98,98,52,98"><Error,"52,98,98,52,52,98,98,52,52,98,98,52,52,98,52,52,98,98,52,52,98,98,98,52">
<tc,"98,52,52,98,52"><Error,"52,98,98,52,52,98,98,98,52,52,98,98,52,52,98,98,98,52,52,98,98,52,98,52,52,98,52,98,98,52,98,98,52,98,98,52,52,98,98,98,52,98,98,52,52,98,98,98,98">
<tc,"98,52,98,98,52,52,98,98,52,98,98,52,52,52,98,52,52,98,52"><tc,"98,98,52,98,98,98,52,98">
<tc,"98,52,98"><Error,"52,98,98,52,98,98,52,98,98,52,98,98">
<xflnvup,"98,98,98,52,98,98,52,52,52,98,98,52,98,98,52,98,98,98,98,98,98,98,98,52,52,98,98,52,98,98,52,52,52,98,52,98,52,98,98,98,98,52,52,98,98,52,52">
<tc,"98,52,98,98,98,98,98,98,98,52,52,52,98,52,52,98,98,52,98,52"><tc,"98">
<tc,"98,52,52,52,98,52,52,98,98,98,98,52,98"><Error,"52,52,98,98,52,52,98">
<tc,"98,52,52,98,52"><Error,"52,98,98,52,98,98,52,98,98,98,52,52,52,98,52">
<tc,"98,98,52,98"><Error,"52,52,98,98,52,98,98,52,98,98,52,98,98,52,52,98">
<tc,"98,52,52,98,98,52,52,98,98,98,98,98,98,98,98,52,98"><Error,"52,98,98,52,52,98,98,52,52,98,98,98,52,98,98,52,52,98,98,98,98,98,52,98,98,98,98,52,98,98,52,52,98,98,52,52,98,52,98,98">
<tc,"98,52,52,98,98,98,98,52,98"><Error,"52,52,98,98,52,98">
<tc,"98,52,52,52,98,98,98,98,52,98,98,52,52,98,98,52,52,98,98,98,52,98"><Error,"52,52,52,98,52,52,98,52,98,98,98,98,52,98,98,98,98,52,52,98,98,98,98,98,98,98,52,98,52,98,98,52,52,98,98,52,52,98">
<xflnvup,"98,52,52,98,98,98,52,98,98,52,52,98,98,52,98,98,52,98,98,52,98,98,52,98,98,52,98,98,52,52,98,98,98,98,52,98,98,52,52,52,98,52,98,98,52,52,98,98,52,52">
<tc,"98,52,52,52,98,52,52,98,98,98,98,98,52,52,98,52"><Error,"52,98,98,52,98,52,52,98,98,52,52,98,98,52,52,98,98,52,52,98,98,52,98,52,98">
<tc,"98,98,52,98"><Error,"52,98,98,52,98,98,52,52,98,52,98,52,52,98,98,52,52,98,98,52,52">
<tc,"98,52,52,98,52"><tc,"98,98,98,52,52,98,98,98,98,98,52,52,98,52"><Error,"52,98,52,98,52,52,98,52,52,98,52,52,98,98,52,52,98,98,98,52,52,52,98,52,52,52,98,98,98,98,52,52,98,98,52,52">
<tc,"98,52,98,98,52,52,98,98,98,52,98"><Error,"52,52,98,98,52,52,52,98,98,98,98,98,98,52,98,98,98,98,52,98,52,98,98,98,52,52,98,52,52,98,98,98,98,52,98">
<tc,"98,52,52,52,98,52,52,98,52"><tc,"98,98,52,52,98,98,52,52,98,52,52,98,52"><Error,"52,52,98,98,98,52,98,98,52,52,52,98,52,52,98,98,52,98,98,52,52,52,98,52,98,98,52,98,98,52,98">
<xflnvup,"98,52,52,98,98,52,52,98,52,98,98,52,98,98,98,98,52,52,98,98,52,98,98,52,52,52,98,98,52,52,52,98,98,52,98,98,98,52,52,98,98,52,98,98,52,98,98,52,52,98,98,98,52,98,98,52,52,52,98,98">
<tc,"98,52,52,98,98,52,98,52"><tc,"98,98,98,98,52,98,98,52,52,98,98,98,98,52,52,52,98,52,52,98,52"><tc,"98,98,98,98,98,52,52,52,98,52,98,98,52,52,52,98,52,52,98,52"><Error,"52,98,98,52,52,98,98,52,52,98">
<tc,"98,52,52,98,52"><tc,"98,98,52,52,98,98,52,98,98,52,98,98,98,98,98,52,52,98,98,52,52,98,98,52,98,98,98,98,98,52,52,52,98,52,52,98">
<tc,"98,98,52,98"><Error,"52,52,98,98,52,52,98,98,52,52,98,98,52,98,98,52,98,98,52,98,98,52,52,98,98,98,98,98,98,98,98,98,52,98,98,52,98,98,52,52,52,98,52,52,98,98,52,98,98,52,98">
<tc,"98,52,52,52,98,52,98,98,52,98,98,52,52,98,52"><Error,"52,98,98,98,52,52,98,52,98,98">
<tc,"98,52,98,98,52,52,98,98,52,98,98,52,98,98,52,52,98,98,98,52,98,98,52,98,98,98,52,52,98">
<tc,"98,52,98,98,52,52,98,98,52,52,98,98,52,52,52,98,52,98,98,52,98,98,52,98,98,98,98,98,98,98,52,52,98,52"><Error,"52,52,98,98,98,98,98,98,98,52,98,98,52,52,98,98,52,52,52">
<xflnvup,"98,52,52,52,98,98,52,52,98,98,52,52,98,52,98,98,52,52,98,98,98,98,98,52,52,98,98,52,52,98,98,52,52">
<xflnvup,"98,52,52,98,98,98,52">
<xflnvup,"98,52,52,98,98,52,52,98,98,98,98,98,98,98,98,52,52,98,98,52,52,98,98,52,52">
<tc,"98,98,52,98"><Error,"52,98,98,52,52,52,98,52,98,98,98,98,52,52,98,52,52,98,52,98,98,52,52,98,52,98,98,52,98,98,98,52,98">
<xflnvup,"98,98,52,52,98,98,98,52,98,98,98,98,98,52,52,52">
<tc,"98,52,98,98,52,52,52,98,98,98,52,98,98,98,52,98,98,52,52,98,52"><tc,"98,98,98,52,52,98,98,98,98,98,98,98,98,98,52,52,98">
<tc,"98,98,52,98,98,52,52,98,98,52,52,98,98,52,52,98,52,98,98,98,98,52,52,98,98,52,52,98,98,98,52,52,52,98,52,98,52,98,98,52,98"><Error,"52,98,98,98,98,98,98,52,98,98,52,52">
<xflnvup,"98,52,98,98,52,52,98,98,52,52,98,98,98,52,98,98,52,52,52,98,52,98,98,52,52,98,98,52,52,52,98,52,52,98,98,52,52,98,98,98,52,52,98,98,52,98,98,52,52,98,52,52">
<tc,"98,98,52,98">
<tc,"98,52,52,98,98,98,98,52,52,98,98,52,98,98,52,52,52,98,52,52,98,98,98,98,98,52,98,98,52,52,98,98,98,52,98,98,52,52,98,98,98,98,52,52,98,98,98,98,52,52,98">
<tc,"98,98,98,52,98,98,52,52,98,52"><tc,"98,98,52,52,52,98,52,98,98,98,98,98,52,98,98,52,98,98,52,98,98,98,98">


