FBNFA constructed
Equivalent FBDFA:
gg278*mp63*nq6*pkfo,gg278*if9*mp63*nq6*pkfo,Dead
gg278*mp63*nq6*pkfo,gg278*if9*mp63*nq6*pkfo
ejx36,jn67
b,e,jk,ym,eo
gg278*mp63*nq6*pkfo
gg278*mp63*nq6*pkfo,Dead,b#gg278*mp63*nq6*pkfo,Dead,e#gg278*mp63*nq6*pkfo,gg278*mp63*nq6*pkfo,jk#gg278*mp63*nq6*pkfo,gg278*if9*mp63*nq6*pkfo,ym#gg278*mp63*nq6*pkfo,gg278*mp63*nq6*pkfo,eo#gg278*if9*mp63*nq6*pkfo,Dead,b#gg278*if9*mp63*nq6*pkfo,gg278*mp63*nq6*pkfo,e#gg278*if9*mp63*nq6*pkfo,gg278*mp63*nq6*pkfo,jk#gg278*if9*mp63*nq6*pkfo,gg278*if9*mp63*nq6*pkfo,ym#gg278*if9*mp63*nq6*pkfo,gg278*mp63*nq6*pkfo,eo#Dead,Dead,b#Dead,Dead,e#Dead,Dead,jk#Dead,Dead,ym#Dead,Dead,eo
ym,jk,ym,ym,jk,e,eo,eo,eo,e,e,e,e,eo,e,jk,eo,eo,ym,e,jk,ym,ym,jk,jk,ym,ym,ym,ym,ym,ym,jk,ym,jk,ym#jk,ym,eo,ym,jk,ym,ym,ym,jk,ym,eo,jk,ym,ym,jk,e,eo,eo,eo,e,e,e,e,eo,e,jk,eo,eo,ym,e,jk,jk,ym,eo,jk,eo,jk,eo,ym,ym,jk#eo,jk,eo,jk,ym,ym,jk,eo,eo,ym,jk,eo,eo,jk,ym#jk,jk,jk,jk,ym,jk,jk,jk#jk,ym,jk,ym,ym,jk,ym,jk,eo,jk,ym,eo#eo,ym,ym,ym,ym,jk,eo,ym,ym,jk,ym,ym#jk,ym,ym,jk,eo,jk,ym,ym,ym,jk,ym,ym,ym,jk,ym,ym,ym,eo,jk,ym,ym,ym,jk,eo,ym,ym,eo,jk,ym,ym,ym#jk,jk,jk,eo#eo,eo,ym,jk,ym,jk,jk,ym,ym,jk,jk,ym,ym,jk,jk#jk,ym,jk,eo,jk,ym,jk,eo,ym,eo,ym,jk,eo,ym,jk,eo,jk,eo,ym,ym#jk,eo,ym,jk,ym#eo,ym,jk,jk,ym,jk,ym,jk,jk,ym,ym,jk,jk,jk,jk,jk,jk,jk,eo,jk,ym,eo#jk,ym,eo,ym,eo,ym,eo,ym,jk,eo,jk,ym,jk,ym,jk,ym,jk,jk,jk,jk,ym,e#jk,ym,e,eo,eo,eo,e,e,e,e,eo,e,jk,eo,eo,ym,e,jk,jk,eo,jk,ym,eo,eo,jk,eo,jk,eo,jk,eo#ym,eo,e,eo,eo,eo,e,e,e,e,eo,e,jk,eo,eo,ym,e,jk,ym,eo,jk,eo,jk,jk,ym,jk,jk,ym,ym,jk,jk,eo,jk,ym,jk,jk,ym,ym,ym,ym#ym,ym,jk,eo#ym,ym,ym,jk,ym,ym,jk,eo,jk,ym,eo,ym,jk,ym,ym,eo,ym,jk,eo,jk,jk,jk,eo,jk,ym,jk,eo,jk,eo,ym,ym,jk,eo#ym,ym,jk,ym#jk,ym,jk,ym,jk,ym,ym,jk,ym,eo,jk,ym,ym,jk,ym,jk,eo,eo,jk,eo,jk,ym#ym,jk#jk,ym,ym,eo,ym,ym,ym,ym,jk,eo,jk,jk,eo,jk,jk,jk,ym,eo,jk,ym,eo,jk,jk,jk,ym,eo,jk,eo,jk,eo,ym#ym,jk,jk,jk,ym,ym,ym,jk,ym,ym,ym,ym,jk,eo,ym,ym,ym,ym,jk,ym,eo,ym,jk,ym,jk,jk,eo,jk,ym,jk,jk,ym,ym,jk,ym,eo#ym,ym,ym,ym,jk,eo,jk,eo,ym,jk,ym,jk,ym,ym,jk,ym,jk#ym,jk,ym,jk,jk,jk,eo,eo,jk,jk,ym,ym,jk,ym,ym,jk,jk,eo,jk,eo,ym,jk,ym,ym,ym,jk,jk,ym,jk,ym,ym,jk,eo,ym#jk,ym,eo,ym,jk,ym,ym,ym,ym,ym,jk,eo#eo,jk,ym,jk,jk,eo,eo,jk,jk,ym,eo,jk,ym,jk,eo#jk,eo,jk,ym,eo,jk,eo,ym,ym,ym,jk,eo#ym,jk,eo,eo,jk,jk,ym,jk,ym,eo,ym,eo,ym,jk,eo,jk,ym#eo,eo,jk,ym#eo,jk,jk,ym,ym,ym,ym,jk,jk,ym,jk,jk,jk,ym,eo#ym,jk,jk,ym,jk,jk,ym,eo,ym,ym,eo,jk,jk,jk,jk#jk,eo,eo,ym,ym,jk,jk,ym,e,ym,ym#ym,e,jk,eo,ym,jk,ym,jk,ym,jk,jk,jk,jk,jk,ym,ym,ym,ym,jk,ym,jk,eo,jk,ym,jk,ym,jk,eo#eo,jk,eo,eo,jk,jk,ym,ym,ym,ym,ym,e,eo,eo,eo,e,e,e,e,eo,e,jk,eo,eo,ym,e,jk,ym,jk,ym,ym#eo,jk,eo,e,eo,eo,eo,e,e,e,e,eo,e,jk,eo,eo,ym,e,jk,jk,ym,ym,jk,ym,ym,ym,ym,eo,jk,ym,jk,ym,jk,jk,jk,ym,ym,ym,ym#jk,ym,jk,eo,eo#eo,jk,ym,eo,jk,eo,jk,ym,jk,eo,ym,ym,jk,jk,ym,ym,jk,ym,eo,eo,jk,jk,ym,jk,eo,jk,eo,ym,ym,jk,jk,ym,ym,jk,eo#jk,ym,ym,ym,ym,eo,jk,jk,ym,ym,ym,ym,ym,ym,jk,ym#jk,ym,eo,jk,ym,ym,ym,ym,jk,ym,ym,ym,ym,jk,jk,ym,jk,jk,ym,ym,ym,jk,ym,jk,jk#eo,jk,eo,ym,ym,jk,eo,ym,e,jk,eo,eo,jk,ym,ym,ym,jk,ym,ym,ym,ym,jk,ym,jk,jk,ym,jk,ym,ym,jk,eo,jk,jk,ym#jk,jk,jk,ym,jk,eo,jk,eo,eo#ym,e,eo,eo,eo,e,e,e,e,eo,e,jk,eo,eo,ym,e,jk,ym,jk,eo,jk,eo,eo,ym,eo,eo,eo,ym,eo#ym,jk,eo,jk,ym,eo,jk,eo,jk,ym,ym,jk,eo,jk,ym,jk,ym,jk,ym,jk,ym,jk,jk,ym,jk,eo,jk,eo,jk,ym,eo,jk,ym#ym,e,jk,eo,jk,jk,eo,jk,eo,ym,ym,jk,jk,ym,jk,eo,ym,ym,jk,jk,ym,ym,eo#ym,jk,jk,jk,jk,jk,ym,ym,ym,ym,ym,ym,ym,ym,ym,jk,eo,jk,jk,jk,eo,ym,jk,jk,eo,ym,jk,ym,ym,jk,ym,ym,jk,ym,jk,ym,ym,jk,jk,jk,ym,ym,jk,eo,eo
FBDFA constructed
<ejx36,"ym,jk,ym,ym,jk"><Error,"e,eo,eo,eo,e,e,e,e,eo,e,jk,eo,eo,ym,e,jk,ym,ym,jk,jk,ym,ym,ym,ym,ym,ym,jk,ym,jk,ym">
<ejx36,"jk,ym,eo,ym,jk,ym,ym,ym,jk,ym,eo,jk,ym,ym,jk"><Error,"e,eo,eo,eo,e,e,e,e,eo,e,jk,eo,eo,ym,e,jk,jk,ym,eo,jk,eo,jk,eo,ym,ym,jk">
<jn67,"eo,jk,eo,jk,ym,ym,jk,eo,eo,ym,jk,eo,eo,jk,ym">
<ejx36,"jk,jk,jk,jk,ym,jk,jk,jk">
<ejx36,"jk,ym,jk,ym,ym,jk,ym,jk,eo,jk,ym,eo">
<jn67,"eo,ym,ym,ym,ym,jk,eo,ym,ym,jk,ym,ym">
<jn67,"jk,ym,ym,jk,eo,jk,ym,ym,ym,jk,ym,ym,ym,jk,ym,ym,ym,eo,jk,ym,ym,ym,jk,eo,ym,ym,eo,jk,ym,ym,ym">
<ejx36,"jk,jk,jk,eo">
<ejx36,"eo,eo,ym,jk,ym,jk,jk,ym,ym,jk,jk,ym,ym,jk,jk">
<jn67,"jk,ym,jk,eo,jk,ym,jk,eo,ym,eo,ym,jk,eo,ym,jk,eo,jk,eo,ym,ym">
<jn67,"jk,eo,ym,jk,ym">
<ejx36,"eo,ym,jk,jk,ym,jk,ym,jk,jk,ym,ym,jk,jk,jk,jk,jk,jk,jk,eo,jk,ym,eo">
<ejx36,"jk,ym,eo,ym,eo,ym,eo,ym,jk,eo,jk,ym,jk,ym,jk,ym,jk,jk,jk,jk,ym,e">
<ejx36,"jk,ym,e,eo,eo,eo"><Error,"e,e,e,e,eo,e,jk,eo,eo,ym,e,jk,jk,eo,jk,ym,eo,eo,jk,eo,jk,eo,jk,eo">
<ejx36,"ym,eo"><Error,"e,eo,eo,eo,e,e,e,e,eo,e,jk,eo,eo,ym,e,jk,ym,eo,jk,eo,jk,jk,ym,jk,jk,ym,ym,jk,jk,eo,jk,ym,jk,jk,ym,ym,ym,ym">
<ejx36,"ym,ym,jk,eo">
<ejx36,"ym,ym,ym,jk,ym,ym,jk,eo,jk,ym,eo,ym,jk,ym,ym,eo,ym,jk,eo,jk,jk,jk,eo,jk,ym,jk,eo,jk,eo,ym,ym,jk,eo">
<jn67,"ym,ym,jk,ym">
<jn67,"jk,ym,jk,ym,jk,ym,ym,jk,ym,eo,jk,ym,ym,jk,ym,jk,eo,eo,jk,eo,jk,ym">
<ejx36,"ym,jk">
<jn67,"jk,ym,ym,eo,ym,ym,ym,ym,jk,eo,jk,jk,eo,jk,jk,jk,ym,eo,jk,ym,eo,jk,jk,jk,ym,eo,jk,eo,jk,eo,ym">
<ejx36,"ym,jk,jk,jk,ym,ym,ym,jk,ym,ym,ym,ym,jk,eo,ym,ym,ym,ym,jk,ym,eo,ym,jk,ym,jk,jk,eo,jk,ym,jk,jk,ym,ym,jk,ym,eo">
<ejx36,"ym,ym,ym,ym,jk,eo,jk,eo,ym,jk,ym,jk,ym,ym,jk,ym,jk">
<jn67,"ym,jk,ym,jk,jk,jk,eo,eo,jk,jk,ym,ym,jk,ym,ym,jk,jk,eo,jk,eo,ym,jk,ym,ym,ym,jk,jk,ym,jk,ym,ym,jk,eo,ym">
<ejx36,"jk,ym,eo,ym,jk,ym,ym,ym,ym,ym,jk,eo">
<ejx36,"eo,jk,ym,jk,jk,eo,eo,jk,jk,ym,eo,jk,ym,jk,eo">
<ejx36,"jk,eo,jk,ym,eo,jk,eo,ym,ym,ym,jk,eo">
<jn67,"ym,jk,eo,eo,jk,jk,ym,jk,ym,eo,ym,eo,ym,jk,eo,jk,ym">
<jn67,"eo,eo,jk,ym">
<ejx36,"eo,jk,jk,ym,ym,ym,ym,jk,jk,ym,jk,jk,jk,ym,eo">
<ejx36,"ym,jk,jk,ym,jk,jk,ym,eo,ym,ym,eo,jk,jk,jk,jk">
<jn67,"jk,eo,eo,ym,ym,jk,jk,ym,e,ym,ym">
<ejx36,"ym,e,jk,eo,ym,jk,ym,jk,ym,jk,jk,jk,jk,jk,ym,ym,ym,ym,jk,ym,jk,eo,jk,ym,jk,ym,jk,eo">
<ejx36,"eo,jk,eo,eo,jk,jk,ym,ym,ym,ym,ym,e,eo,eo,eo"><Error,"e,e,e,e,eo,e,jk,eo,eo,ym,e,jk,ym,jk,ym,ym">
<ejx36,"eo,jk,eo"><Error,"e,eo,eo,eo,e,e,e,e,eo,e,jk,eo,eo,ym,e,jk,jk,ym,ym,jk,ym,ym,ym,ym,eo,jk,ym,jk,ym,jk,jk,jk,ym,ym,ym,ym">
<ejx36,"jk,ym,jk,eo,eo">
<ejx36,"eo,jk,ym,eo,jk,eo,jk,ym,jk,eo,ym,ym,jk,jk,ym,ym,jk,ym,eo,eo,jk,jk,ym,jk,eo,jk,eo,ym,ym,jk,jk,ym,ym,jk,eo">
<jn67,"jk,ym,ym,ym,ym,eo,jk,jk,ym,ym,ym,ym,ym,ym,jk,ym">
<ejx36,"jk,ym,eo,jk,ym,ym,ym,ym,jk,ym,ym,ym,ym,jk,jk,ym,jk,jk,ym,ym,ym,jk,ym,jk,jk">
<jn67,"eo,jk,eo,ym,ym,jk,eo,ym,e,jk,eo,eo,jk,ym,ym,ym,jk,ym,ym,ym,ym,jk,ym,jk,jk,ym,jk,ym,ym,jk,eo,jk,jk,ym">
<ejx36,"jk,jk,jk,ym,jk,eo,jk,eo,eo">
<ejx36,"ym,e,eo,eo,eo"><Error,"e,e,e,e,eo,e,jk,eo,eo,ym,e,jk,ym,jk,eo,jk,eo,eo,ym,eo,eo,eo,ym,eo">
<jn67,"ym,jk,eo,jk,ym,eo,jk,eo,jk,ym,ym,jk,eo,jk,ym,jk,ym,jk,ym,jk,ym,jk,jk,ym,jk,eo,jk,eo,jk,ym,eo,jk,ym">
<ejx36,"ym,e,jk,eo,jk,jk,eo,jk,eo,ym,ym,jk,jk,ym,jk,eo,ym,ym,jk,jk,ym,ym,eo">
<ejx36,"ym,jk,jk,jk,jk,jk,ym,ym,ym,ym,ym,ym,ym,ym,ym,jk,eo,jk,jk,jk,eo,ym,jk,jk,eo,ym,jk,ym,ym,jk,ym,ym,jk,ym,jk,ym,ym,jk,jk,jk,ym,ym,jk,eo,eo">


