FBNFA constructed
Equivalent FBDFA:
af165*eq*ge034*imn*ln76*sz*ub*wuz,af165*az*eq*ge034*imn*ln76*sz*ub*wuz,af165*az*bt25*eq*ge034*imn*ln76*sz*ub*wuz,Dead
af165*eq*ge034*imn*ln76*sz*ub*wuz,af165*az*eq*ge034*imn*ln76*sz*ub*wuz,af165*az*bt25*eq*ge034*imn*ln76*sz*ub*wuz
sngx1,czic927,czic927
6,80,72,2,67,21,8
af165*eq*ge034*imn*ln76*sz*ub*wuz
af165*eq*ge034*imn*ln76*sz*ub*wuz,Dead,6#af165*eq*ge034*imn*ln76*sz*ub*wuz,af165*az*eq*ge034*imn*ln76*sz*ub*wuz,80#af165*eq*ge034*imn*ln76*sz*ub*wuz,af165*eq*ge034*imn*ln76*sz*ub*wuz,72#af165*eq*ge034*imn*ln76*sz*ub*wuz,af165*eq*ge034*imn*ln76*sz*ub*wuz,2#af165*eq*ge034*imn*ln76*sz*ub*wuz,af165*eq*ge034*imn*ln76*sz*ub*wuz,67#af165*eq*ge034*imn*ln76*sz*ub*wuz,af165*eq*ge034*imn*ln76*sz*ub*wuz,21#af165*eq*ge034*imn*ln76*sz*ub*wuz,af165*az*bt25*eq*ge034*imn*ln76*sz*ub*wuz,8#af165*az*eq*ge034*imn*ln76*sz*ub*wuz,Dead,6#af165*az*eq*ge034*imn*ln76*sz*ub*wuz,af165*az*eq*ge034*imn*ln76*sz*ub*wuz,80#af165*az*eq*ge034*imn*ln76*sz*ub*wuz,af165*eq*ge034*imn*ln76*sz*ub*wuz,72#af165*az*eq*ge034*imn*ln76*sz*ub*wuz,af165*eq*ge034*imn*ln76*sz*ub*wuz,2#af165*az*eq*ge034*imn*ln76*sz*ub*wuz,af165*eq*ge034*imn*ln76*sz*ub*wuz,67#af165*az*eq*ge034*imn*ln76*sz*ub*wuz,af165*eq*ge034*imn*ln76*sz*ub*wuz,21#af165*az*eq*ge034*imn*ln76*sz*ub*wuz,af165*az*bt25*eq*ge034*imn*ln76*sz*ub*wuz,8#af165*az*bt25*eq*ge034*imn*ln76*sz*ub*wuz,Dead,6#af165*az*bt25*eq*ge034*imn*ln76*sz*ub*wuz,af165*az*eq*ge034*imn*ln76*sz*ub*wuz,80#af165*az*bt25*eq*ge034*imn*ln76*sz*ub*wuz,af165*eq*ge034*imn*ln76*sz*ub*wuz,72#af165*az*bt25*eq*ge034*imn*ln76*sz*ub*wuz,af165*eq*ge034*imn*ln76*sz*ub*wuz,2#af165*az*bt25*eq*ge034*imn*ln76*sz*ub*wuz,af165*az*eq*ge034*imn*ln76*sz*ub*wuz,67#af165*az*bt25*eq*ge034*imn*ln76*sz*ub*wuz,af165*eq*ge034*imn*ln76*sz*ub*wuz,21#af165*az*bt25*eq*ge034*imn*ln76*sz*ub*wuz,af165*az*bt25*eq*ge034*imn*ln76*sz*ub*wuz,8#Dead,Dead,6#Dead,Dead,80#Dead,Dead,72#Dead,Dead,2#Dead,Dead,67#Dead,Dead,21#Dead,Dead,8
72,80,80,72#72,80,80,21,80,72,72,80,2,72,21,72,80,21,72#72,2,21,67,80,2,80,21,67,21,21,72,8,21,80,67,80,21,2,2,72,80,2,80,80,80,2,8,67,2,72,67,21,2,8,80,2,72,80,72,21,72,72,21#80,72,21,21,80,2,21,2,80,80,80,80,2,72,2,80,21,67,21,21,72,8,21,80,67,80,21,2,2,72,80,2,80,80,80,2,8,67,2,72,67,21,2,8,80,2,72,2,80,21,67,21,21,72,8,21,80,67,80,21,2,2,72,80,2,80,80,80,2,8,67,2,72,67,21,2,8,80,2#2,80,2#2,80,80,72,80,2,80,80,21,2,80,21,67,21,21,72,8,21,80,67,80,21,2,2,72,80,2,80,80,80,2,8,67,2,72,67,21,2,8,80,2,72,72,80,80,80,80,72,72,72,21,21,72,72,67#21,67#80,80,80,80,72,21,21#80,80,80,80,72,80,80,80,72,72,2,2,72,80,80,2,80,21,67,21,21,72,8,21,80,67,80,21,2,2,72,80,2,80,80,80,2,8,67,2,72,67,21,2,8,80,2#80,72,80,2,80,80,21,21,72#80,67,80,2,2,80,21,67,21,21,72,8,21,80,67,80,21,2,2,72,80,2,80,80,80,2,8,67,2,72,67,21,2,8,80,2,80,72,72,2,80,72,2,72,2,72,72,72,21,80,80,72#72,2,2,80,21,67,21,21,72,8,21,80,67,80,21,2,2,72,80,2,80,80,80,2,8,67,2,72,67,21,2,8,80,2,2,72,21,80,2,80,21,80,2#80,80,2,80,21,67,21,21,72,8,21,80,67,80,21,2,2,72,80,2,80,80,80,2,8,67,2,72,67,21,2,8,80,2,2,80,80,72,72,2,80,80,2,80,2#21,72,2,67,67,80,72,72,72,21,80,72,21,21,80,80#80,21,21,21,72,80,80,67,2,72,72,72,21,21,80#21,21,72,80,80,80,80,2,2,80,21,67,21,21,72,8,21,80,67,80,21,2,2,72,80,2,80,80,80,2,8,67,2,72,67,21,2,8,80,2,80,72#72,21,2,72,80,2,2,80,21,67,21,21,72,8,21,80,67,80,21,2,2,72,80,2,80,80,80,2,8,67,2,72,67,21,2,8,80,2,2,80,21,67,21,21,72,8,21,80,67,80,21,2,2,72,80,2,80,80,80,2,8,67,2,72,67,21,2,8,80,2,80,80,2,80,21,67,21,21,72,8,21,80,67,80,21,2,2,72,80,2,80,80,80,2,8,67,2,72,67,21,2,8,80,2,21,80,2,80,2,80,80,72#67,80,80,21,21,80,72,2,80,72,72,2,80,21,67,21,21,72,8,21,80,67,80,21,2,2,72,80,2,80,80,80,2,8,67,2,72,67,21,2,8,80,2,21,80,21,80,72,80,72,80,72,2,21,80,2#72,2,67,80#80,21,72,21,80,2,72,80,2,80,80,67,80,21,80,72,21,21,80,72,67,2,72#21,80,72,80,80,72,80,80,2,21,2,21,80,80,80,80,2,2,80,21,67,21,21,72,8,21,80,67,80,21,2,2,72,80,2,80,80,80,2,8,67,2,72,67,21,2,8,80,2,67,80,80,72#80,72,80,72,80,80,80,80#72,80,80,80,2,80,67,80,72#72,80,2,72,72,80,72,80,72,21,80,2,21,2,80,21,67,21,21,72,8,21,80,67,80,21,2,2,72,80,2,80,80,80,2,8,67,2,72,67,21,2,8,80,2,21,80,80#80,21,80,80,80,2,80,80,72#2,80,2,80,80,72,80,80,72,80,72,2,80,21,67,21,21,72,8,21,80,67,80,21,2,2,72,80,2,80,80,80,2,8,67,2,72,67,21,2,8,80,2,2,80,21,67,21,21,72,8,21,80,67,80,21,2,2,72,80,2,80,80,80,2,8,67,2,72,67,21,2,8,80,2,67,80,80,80,21,80,72,21#21,80,80,72,2,72,80,2,2,80,80,21,21,72,2,80,21,67,21,21,72,8,21,80,67,80,21,2,2,72,80,2,80,80,80,2,8,67,2,72,67,21,2,8,80,2,21,21,2,80,72,2,72,80,2,80,80,72#2,80,21,67,21,21,72,8,21,80,67,80,21,2,2,72,80,2,80,80,80,2,8,67,2,72,67,21,2,8,80,2,80,72,80,80,80,80,80,72,67,80,80,80,80,2,67,2,72,2#72,80,80,80,80,80,2,80,80,72,80,67,2,80,80,80,80,72,21,72,72,80,72,2,80,21,67,21,21,72,8,21,80,67,80,21,2,2,72,80,2,80,80,80,2,8,67,2,72,67,21,2,8,80,2#80,2,80,80,72,21,80,2,72,2,80,2,21,21,72,80,72#80,80,80,80,72,67,80,72,80#80,72,72,72,72,21,21,2,80,21,67,21,21,72,8,21,80,67,80,21,2,2,72,80,2,80,80,80,2,8,67,2,72,67,21,2,8,80,2,21,80,80,80,80,80,72,21,2,2,80,21,67,21,21,72,8,21,80,67,80,21,2,2,72,80,2,80,80,80,2,8,67,2,72,67,21,2,8,80,2,67,2,80,21,67,21,21,72,8,21,80,67,80,21,2,2,72,80,2,80,80,80,2,8,67,2,72,67,21,2,8,80,2,80,80,21,80,2,2#2,72,80,72,80,2,72,80,80,80,80,21,67#80,80,72,72,72,2,80,2,80,21,67,21,21,72,8,21,80,67,80,21,2,2,72,80,2,80,80,80,2,8,67,2,72,67,21,2,8,80,2,21,72#80,72,72,80,72,80,80,2,72,80,80,72,72,2,72,80,2,80,72,67,80,2,21,2,80,80#72,72,72,72,80,21,21,21,80,72,72,72,72#72,67,72,72,2,21,80,80,80,80,2,67,72,2,80,2,80,80,67,2,21#2,21,21,21,80,80,80,2,2,72,80,80,80,80,2,2,72,80,2,21,80,80,80,80,72#80,2,80,80,80,72,21,80,72,72,80,72,80,80,80,80,80,72,21,2,80,80,72,21,80,72,72,80,2,80,72,80,2,80,80,80,72,80,2,72,80,2,80,80,80,21,21,80,72,2,72,80,80,72,72,80,72,21
FBDFA constructed
<sngx1,"72,80,80,72">
<sngx1,"72,80,80,21,80,72,72,80,2,72,21,72,80,21,72">
<sngx1,"72,2,21,67,80,2,80,21,67,21,21,72,8,21,80,67,80,21,2,2,72,80,2,80,80,80,2,8,67,2,72,67,21,2,8,80,2,72,80,72,21,72,72,21">
<sngx1,"80,72,21,21,80,2,21,2,80,80,80,80,2,72,2,80,21,67,21,21,72,8,21,80,67,80,21,2,2,72,80,2,80,80,80,2,8,67,2,72,67,21,2,8,80,2,72,2,80,21,67,21,21,72,8,21,80,67,80,21,2,2,72,80,2,80,80,80,2,8,67,2,72,67,21,2,8,80,2">
<sngx1,"2,80,2">
<sngx1,"2,80,80,72,80,2,80,80,21,2,80,21,67,21,21,72,8,21,80,67,80,21,2,2,72,80,2,80,80,80,2,8,67,2,72,67,21,2,8,80,2,72,72,80,80,80,80,72,72,72,21,21,72,72,67">
<sngx1,"21,67">
<sngx1,"80,80,80,80,72,21,21">
<sngx1,"80,80,80,80,72,80,80,80,72,72,2,2,72,80,80,2,80,21,67,21,21,72,8,21,80,67,80,21,2,2,72,80,2,80,80,80,2,8,67,2,72,67,21,2,8,80,2">
<sngx1,"80,72,80,2,80,80,21,21,72">
<sngx1,"80,67,80,2,2,80,21,67,21,21,72,8,21,80,67,80,21,2,2,72,80,2,80,80,80,2,8,67,2,72,67,21,2,8,80,2,80,72,72,2,80,72,2,72,2,72,72,72,21,80,80,72">
<sngx1,"72,2,2,80,21,67,21,21,72,8,21,80,67,80,21,2,2,72,80,2,80,80,80,2,8,67,2,72,67,21,2,8,80,2,2,72,21,80,2,80,21,80,2">
<sngx1,"80,80,2,80,21,67,21,21,72,8,21,80,67,80,21,2,2,72,80,2,80,80,80,2,8,67,2,72,67,21,2,8,80,2,2,80,80,72,72,2,80,80,2,80,2">
<czic927,"21,72,2,67,67,80,72,72,72,21,80,72,21,21,80,80">
<czic927,"80,21,21,21,72,80,80,67,2,72,72,72,21,21,80">
<sngx1,"21,21,72,80,80,80,80,2,2,80,21,67,21,21,72,8,21,80,67,80,21,2,2,72,80,2,80,80,80,2,8,67,2,72,67,21,2,8,80,2,80,72">
<sngx1,"72,21,2,72,80,2,2,80,21,67,21,21,72,8,21,80,67,80,21,2,2,72,80,2,80,80,80,2,8,67,2,72,67,21,2,8,80,2,2,80,21,67,21,21,72,8,21,80,67,80,21,2,2,72,80,2,80,80,80,2,8,67,2,72,67,21,2,8,80,2,80,80,2,80,21,67,21,21,72,8,21,80,67,80,21,2,2,72,80,2,80,80,80,2,8,67,2,72,67,21,2,8,80,2,21,80,2,80,2,80,80,72">
<sngx1,"67,80,80,21,21,80,72,2,80,72,72,2,80,21,67,21,21,72,8,21,80,67,80,21,2,2,72,80,2,80,80,80,2,8,67,2,72,67,21,2,8,80,2,21,80,21,80,72,80,72,80,72,2,21,80,2">
<czic927,"72,2,67,80">
<sngx1,"80,21,72,21,80,2,72,80,2,80,80,67,80,21,80,72,21,21,80,72,67,2,72">
<sngx1,"21,80,72,80,80,72,80,80,2,21,2,21,80,80,80,80,2,2,80,21,67,21,21,72,8,21,80,67,80,21,2,2,72,80,2,80,80,80,2,8,67,2,72,67,21,2,8,80,2,67,80,80,72">
<czic927,"80,72,80,72,80,80,80,80">
<sngx1,"72,80,80,80,2,80,67,80,72">
<czic927,"72,80,2,72,72,80,72,80,72,21,80,2,21,2,80,21,67,21,21,72,8,21,80,67,80,21,2,2,72,80,2,80,80,80,2,8,67,2,72,67,21,2,8,80,2,21,80,80">
<sngx1,"80,21,80,80,80,2,80,80,72">
<sngx1,"2,80,2,80,80,72,80,80,72,80,72,2,80,21,67,21,21,72,8,21,80,67,80,21,2,2,72,80,2,80,80,80,2,8,67,2,72,67,21,2,8,80,2,2,80,21,67,21,21,72,8,21,80,67,80,21,2,2,72,80,2,80,80,80,2,8,67,2,72,67,21,2,8,80,2,67,80,80,80,21,80,72,21">
<sngx1,"21,80,80,72,2,72,80,2,2,80,80,21,21,72,2,80,21,67,21,21,72,8,21,80,67,80,21,2,2,72,80,2,80,80,80,2,8,67,2,72,67,21,2,8,80,2,21,21,2,80,72,2,72,80,2,80,80,72">
<sngx1,"2,80,21,67,21,21,72,8,21,80,67,80,21,2,2,72,80,2,80,80,80,2,8,67,2,72,67,21,2,8,80,2,80,72,80,80,80,80,80,72,67,80,80,80,80,2,67,2,72,2">
<sngx1,"72,80,80,80,80,80,2,80,80,72,80,67,2,80,80,80,80,72,21,72,72,80,72,2,80,21,67,21,21,72,8,21,80,67,80,21,2,2,72,80,2,80,80,80,2,8,67,2,72,67,21,2,8,80,2">
<sngx1,"80,2,80,80,72,21,80,2,72,2,80,2,21,21,72,80,72">
<czic927,"80,80,80,80,72,67,80,72,80">
<sngx1,"80,72,72,72,72,21,21,2,80,21,67,21,21,72,8,21,80,67,80,21,2,2,72,80,2,80,80,80,2,8,67,2,72,67,21,2,8,80,2,21,80,80,80,80,80,72,21,2,2,80,21,67,21,21,72,8,21,80,67,80,21,2,2,72,80,2,80,80,80,2,8,67,2,72,67,21,2,8,80,2,67,2,80,21,67,21,21,72,8,21,80,67,80,21,2,2,72,80,2,80,80,80,2,8,67,2,72,67,21,2,8,80,2,80,80,21,80,2,2">
<sngx1,"2,72,80,72,80,2,72,80,80,80,80,21,67">
<sngx1,"80,80,72,72,72,2,80,2,80,21,67,21,21,72,8,21,80,67,80,21,2,2,72,80,2,80,80,80,2,8,67,2,72,67,21,2,8,80,2,21,72">
<czic927,"80,72,72,80,72,80,80,2,72,80,80,72,72,2,72,80,2,80,72,67,80,2,21,2,80,80">
<sngx1,"72,72,72,72,80,21,21,21,80,72,72,72,72">
<sngx1,"72,67,72,72,2,21,80,80,80,80,2,67,72,2,80,2,80,80,67,2,21">
<sngx1,"2,21,21,21,80,80,80,2,2,72,80,80,80,80,2,2,72,80,2,21,80,80,80,80,72">
<sngx1,"80,2,80,80,80,72,21,80,72,72,80,72,80,80,80,80,80,72,21,2,80,80,72,21,80,72,72,80,2,80,72,80,2,80,80,80,72,80,2,72,80,2,80,80,80,21,21,80,72,2,72,80,80,72,72,80,72,21">


