FBNFA constructed
Equivalent FBDFA:
srkj5*yc3,srkj5,Dead
srkj5*yc3,srkj5
bh,bh
qz,v,z,q,m,xt
srkj5*yc3
srkj5*yc3,Dead,qz#srkj5*yc3,srkj5,v#srkj5*yc3,Dead,z#srkj5*yc3,srkj5,q#srkj5*yc3,srkj5*yc3,m#srkj5*yc3,Dead,xt#srkj5,Dead,qz#srkj5,srkj5,v#srkj5,Dead,z#srkj5,srkj5,q#srkj5,srkj5*yc3,m#srkj5,Dead,xt#Dead,Dead,qz#Dead,Dead,v#Dead,Dead,z#Dead,Dead,q#Dead,Dead,m#Dead,Dead,xt
q,m,v,m,m,v,q,v,v,v,v,v,v,v,m,v,m#v,m,q,q,v,v,v,q,q,v,v,v,q,m,v,m#v,q,q,m,q,m,q,m#q,q,v,m,v,v,v,m,m,v,q,m,q,m,v,q,m,q,m,v,v,v,v,q,m,q,q,m,q,m,m,q,q,m,v,m,v,v#v,m,q,q,m,q,q,v,v,q,m,v,v,v,v,v,v,m,m,q,m#v,v,v,v,m,v,m,q,m,m,m,q,m,v,v,m,v,m,v,m,m,v,v,q,v,v,m,v,m#v,m,m,m,v,m,v,m,q,q,v#v,q,m,q,v,m,m,q,m,m,v,q,v,m,v#v,m,v,v,v,v,m,v,m,m,q,q,m,m#v,v,q,q,v,v,v,v,m,v,q,v,v,v,v,q,v,q,v,v,v,v,q,m,q,q,q,m#v,v,m,v,q,q,v,v,v,v,v,v,v,m,v,m,v,q,m,v,m,q,q,v,v,v,v,m#m,v,m,v,m#q,q,v,m,v,m,q,v,v,v,v,m,v#v,v,v,v,v,m,v,m,v,m,q,q,v,m,v,q,m,v,v,q,v,m,v,v,q,v,q,m,q,m#m,v,q,v,m,q,q,q,q,q,q,v,v,m,v,q,v,v#q,q,m,v,q,m,v,v,v,m,v,v,q,q,q,m,v,m,q,q,m#m,v,m,m,m,v,m,v,v,v,v#v,q,v,q,q,v,m,v,v,m,m,v,v,q,q,q,q,m,q,m,m,q,q,v,m,q,v,v,m#v,v,v,v,q,v,v,v,q,m,m,v,m,v,m,m,v,m,m,v,v,v,v,m#v,v,v,v,q,v,m,v,v,m,m,m,m,q,v,m,v,m,m#v,m,q,q,m,v,v,m,m,v,q,m,m,m,m,q,v,m,v#v,v,v,m,v,m,v,m,q,m,q,v,q,v,q,q,m,v,v,q#v,q,q,v,m,v,v,v,m,v,v,v,q,m,m,m,m,q,m,m,q,m,v,q#q,q,q,m,q,m,v,m,m,q,m,v,v,q,m,v,v,q,v,q#q,m,v,m,v,v,v,m,v,q#v,v,m,q,m,v,m,m,m,v,m#v,v,v,q#v,v,v,v,q,v,v,v,m#v,v,v,q,q,m,v,v,v,q,q,q,q,v,v,m,m,v,v,m,v,m,v,v,m,v,q,v,q,m,q,v,v,q,m#v,v,v,v,v,v,q,v,q#v,v,v,m,v,v,q,v,v,m,q#v,m,m,m,v,q,v,v,m,v,m,v,v,m,m,q,m,m,q,q,v,q,m,v#v,q,v,q,m,v,m,v,v,v,q,q,m#v,m,m,v,q,q,v#v,m,m,m,v,m,m,v,m,m,v#v,m,q,m,v,v,q,q,v,m,q,v,q#v,v,m,m,q,q,v,q,m,v,q,q,m,v,m,v,q,m,q,v,q,m,v#v,m,v,m,v,m,m,q,v,q,q,v,m#v,q,v,q,m,q,q,q,v,m,q,m,m,v,m,q,q,v,q,v,m#q,q,m,v,v,v,v,v,v,v,v,m,m,v,v,v,m,m,v,m,q,q,v,m,m,v,v,v,v#v,q,q,m#v,m,m,v,v,m,q,v,q,v,m,v,m,v,m,v#v,q,v,q,v,v,v,v,q,m,v,m,m,v,v,m,v,v#m,m,v,m#q,v,v,m,v,q,q,v,v,m,q,q,q,q,v,m,m,m,v,q,q,q,q,q,v,m,v,v,v,v,q,v,v#v,v,v,v,v,m#v,m,v,m,q,q,v,q,q,v,v,q,q,q,v,v,v,v,q,m,m,q,m,m,q,m,m,v,v,v,v,q,q,q
FBDFA constructed
<bh,"q,m,v,m,m,v,q,v,v,v,v,v,v,v,m,v,m">
<bh,"v,m,q,q,v,v,v,q,q,v,v,v,q,m,v,m">
<bh,"v,q,q,m,q,m,q,m">
<bh,"q,q,v,m,v,v,v,m,m,v,q,m,q,m,v,q,m,q,m,v,v,v,v,q,m,q,q,m,q,m,m,q,q,m,v,m,v,v">
<bh,"v,m,q,q,m,q,q,v,v,q,m,v,v,v,v,v,v,m,m,q,m">
<bh,"v,v,v,v,m,v,m,q,m,m,m,q,m,v,v,m,v,m,v,m,m,v,v,q,v,v,m,v,m">
<bh,"v,m,m,m,v,m,v,m,q,q,v">
<bh,"v,q,m,q,v,m,m,q,m,m,v,q,v,m,v">
<bh,"v,m,v,v,v,v,m,v,m,m,q,q,m,m">
<bh,"v,v,q,q,v,v,v,v,m,v,q,v,v,v,v,q,v,q,v,v,v,v,q,m,q,q,q,m">
<bh,"v,v,m,v,q,q,v,v,v,v,v,v,v,m,v,m,v,q,m,v,m,q,q,v,v,v,v,m">
<bh,"m,v,m,v,m">
<bh,"q,q,v,m,v,m,q,v,v,v,v,m,v">
<bh,"v,v,v,v,v,m,v,m,v,m,q,q,v,m,v,q,m,v,v,q,v,m,v,v,q,v,q,m,q,m">
<bh,"m,v,q,v,m,q,q,q,q,q,q,v,v,m,v,q,v,v">
<bh,"q,q,m,v,q,m,v,v,v,m,v,v,q,q,q,m,v,m,q,q,m">
<bh,"m,v,m,m,m,v,m,v,v,v,v">
<bh,"v,q,v,q,q,v,m,v,v,m,m,v,v,q,q,q,q,m,q,m,m,q,q,v,m,q,v,v,m">
<bh,"v,v,v,v,q,v,v,v,q,m,m,v,m,v,m,m,v,m,m,v,v,v,v,m">
<bh,"v,v,v,v,q,v,m,v,v,m,m,m,m,q,v,m,v,m,m">
<bh,"v,m,q,q,m,v,v,m,m,v,q,m,m,m,m,q,v,m,v">
<bh,"v,v,v,m,v,m,v,m,q,m,q,v,q,v,q,q,m,v,v,q">
<bh,"v,q,q,v,m,v,v,v,m,v,v,v,q,m,m,m,m,q,m,m,q,m,v,q">
<bh,"q,q,q,m,q,m,v,m,m,q,m,v,v,q,m,v,v,q,v,q">
<bh,"q,m,v,m,v,v,v,m,v,q">
<bh,"v,v,m,q,m,v,m,m,m,v,m">
<bh,"v,v,v,q">
<bh,"v,v,v,v,q,v,v,v,m">
<bh,"v,v,v,q,q,m,v,v,v,q,q,q,q,v,v,m,m,v,v,m,v,m,v,v,m,v,q,v,q,m,q,v,v,q,m">
<bh,"v,v,v,v,v,v,q,v,q">
<bh,"v,v,v,m,v,v,q,v,v,m,q">
<bh,"v,m,m,m,v,q,v,v,m,v,m,v,v,m,m,q,m,m,q,q,v,q,m,v">
<bh,"v,q,v,q,m,v,m,v,v,v,q,q,m">
<bh,"v,m,m,v,q,q,v">
<bh,"v,m,m,m,v,m,m,v,m,m,v">
<bh,"v,m,q,m,v,v,q,q,v,m,q,v,q">
<bh,"v,v,m,m,q,q,v,q,m,v,q,q,m,v,m,v,q,m,q,v,q,m,v">
<bh,"v,m,v,m,v,m,m,q,v,q,q,v,m">
<bh,"v,q,v,q,m,q,q,q,v,m,q,m,m,v,m,q,q,v,q,v,m">
<bh,"q,q,m,v,v,v,v,v,v,v,v,m,m,v,v,v,m,m,v,m,q,q,v,m,m,v,v,v,v">
<bh,"v,q,q,m">
<bh,"v,m,m,v,v,m,q,v,q,v,m,v,m,v,m,v">
<bh,"v,q,v,q,v,v,v,v,q,m,v,m,m,v,v,m,v,v">
<bh,"m,m,v,m">
<bh,"q,v,v,m,v,q,q,v,v,m,q,q,q,q,v,m,m,m,v,q,q,q,q,q,v,m,v,v,v,v,q,v,v">
<bh,"v,v,v,v,v,m">
<bh,"v,m,v,m,q,q,v,q,q,v,v,q,q,q,v,v,v,v,q,m,m,q,m,m,q,m,m,v,v,v,v,q,q,q">


