FBNFA constructed
Equivalent FBDFA:
bx221,lal18,gyr4*nk*oa3*vf55,bx221*gyr4*nk*oa3*vf55,bx221*gyr4*lal18*nk*oa3*vf55,gyr4*lal18*nk*oa3*vf55,Dead
bx221,lal18,gyr4*nk*oa3*vf55,bx221*gyr4*nk*oa3*vf55,bx221*gyr4*lal18*nk*oa3*vf55,gyr4*lal18*nk*oa3*vf55
vj,ez4,ifyl519,ifyl519,ifyl519,ifyl519
dz,rr,z
bx221
bx221,Dead,dz#bx221,Dead,rr#bx221,lal18,z#lal18,Dead,dz#lal18,gyr4*nk*oa3*vf55,rr#lal18,gyr4*nk*oa3*vf55,z#gyr4*nk*oa3*vf55,Dead,dz#gyr4*nk*oa3*vf55,lal18,rr#gyr4*nk*oa3*vf55,bx221*gyr4*nk*oa3*vf55,z#bx221*gyr4*nk*oa3*vf55,Dead,dz#bx221*gyr4*nk*oa3*vf55,lal18,rr#bx221*gyr4*nk*oa3*vf55,bx221*gyr4*lal18*nk*oa3*vf55,z#bx221*gyr4*lal18*nk*oa3*vf55,Dead,dz#bx221*gyr4*lal18*nk*oa3*vf55,gyr4*lal18*nk*oa3*vf55,rr#bx221*gyr4*lal18*nk*oa3*vf55,bx221*gyr4*lal18*nk*oa3*vf55,z#gyr4*lal18*nk*oa3*vf55,Dead,dz#gyr4*lal18*nk*oa3*vf55,gyr4*lal18*nk*oa3*vf55,rr#gyr4*lal18*nk*oa3*vf55,bx221*gyr4*nk*oa3*vf55,z#Dead,Dead,dz#Dead,Dead,rr#Dead,Dead,z
z,rr,z,z,rr,z,rr,z,z,z,rr,rr,z,z,z,rr,z,z,rr,rr,z#z,z,rr,z,rr,z,rr,z,z,z,z,rr,rr,z,z,rr,rr,z,rr,z,z#z,z,rr,z,rr#z,rr,rr,z,z,rr,rr,rr,z,rr#z,rr,z,z,rr#z,rr,rr,z,rr,rr,rr,z,rr,rr,z,z,rr,rr,z,z,z,z,z,rr,rr,z,rr,rr,z,z,z,z,z,z#z,rr,rr,rr,z,rr,rr,z,z,z,rr,rr,z,z,z,z,z,rr,z,z,z,rr,z,z,rr,rr,z,rr,rr,z,rr,rr,z,rr,rr,z,rr,z,z,rr,z,z,z,rr,z,z,rr,rr,rr,z,rr,z,rr,z,rr,rr,z,z,rr,rr#z,z,z,rr,z,z,rr,rr,z,z,rr,z,z,rr,rr,z,rr,rr,z,z,rr,z,z,rr,z,z,z,z,z,z,z,z,z,z#z,z,z,rr,z,z,rr,z,z,rr,z,z,rr,z,z,rr,z,z,z,z,z,rr,z#z,z,z,rr,z,z,rr,z,z,rr,z,z,z,z,rr,z,rr,z,rr,rr#z,rr,z,rr,rr,z,z,z,rr,rr,rr,z,z,rr,z,rr,rr,rr,z,z,rr,z,z,z,rr,z,rr,rr,z,z,rr,z,z,z,rr,rr,z,z,rr,z,rr,z,z,z,z,rr,rr,z#z,rr,rr,z,z,rr,rr,z,z,z,z,z,rr,rr,z,z,rr,z,z,rr,rr,z,z,rr,z,z,rr,rr,rr#z,rr,rr,z,rr,rr,z,z,rr,rr,rr,z,rr,rr,z,z,rr,rr,z,z,z,rr,z,z,rr,z,z,rr,rr,rr,rr,z,z,rr,rr,z,rr,rr,z,z,rr,rr,z,rr,rr,z,z,rr,rr,z,z,rr,z,z,z,z,rr,z,rr,z,z,z,z,z#z,z,rr,rr,z,z,z,z,z,z,rr,rr,z,z,z,rr,z,rr,rr,z,z,z,z,z,z,rr,z,rr,rr,z,z,rr,z,z,z,z,z,rr,rr,z,rr,rr,z,z,rr,rr,z,z,rr,z#z,rr,rr,z,z,z,z,z,rr,z,z,z,rr,z,z,z,z,z,rr,z,z,rr,z,z,rr,rr,rr,rr,z,z,rr,rr,z,z,z,z,rr,rr,z,z,rr,z,z,z,z#z,rr,rr,z,z,rr,z,z,rr,z,z,rr,z,rr,rr,z,rr,z,rr,rr,z,z,z,rr,rr,z,z,rr,rr,rr,z,rr,z,z,z,rr,rr,z,rr,z,z,rr,z,z,z,z,z,z,rr,z,z,z,z#z,rr,rr,z,z,rr,rr,z,rr,z,z,rr,rr,z,z,rr,rr,z,z,rr,z,rr,z,z,z,z,z,z,rr,z,rr,rr,z,z,z,rr#z,rr,z,z,rr,rr,rr,z,z,z,z,z,z,rr,rr,z,z,z,z,z,rr,z,z,rr#z,rr,rr,rr,z,z,z,z,rr,z,rr,z,z,z,rr,rr,z,rr,rr,z,z,rr,z,z,rr,z,z,rr,rr,rr,rr,z,z,rr,rr,z,z,z,z,z,rr,rr,rr,z,z,rr,z,rr,z,z,rr,rr,z,rr#z,rr,z,z,z,z,rr,z,z,rr,z,z,rr,rr,rr,rr,z,z,rr,rr,z,z,rr,z,z,rr,z,z,rr,rr,rr,rr,z,z,rr,rr,z,z#z,rr,rr,z,z,rr,z,z,z,z,rr,rr,rr,z,rr,rr,z,z,rr,z,z,rr,rr,rr,z,z,rr,rr,z,z,rr,rr,z,rr,rr,rr,z,z#z,rr,rr,z,rr,rr,z,rr,z,rr,rr,rr,z,z,rr#z,z,rr,z,z,rr,z,z,rr,rr,rr,rr,z,z,rr,rr,z,rr,rr,z,z,rr,z,rr,rr,z,z,rr,rr,z,z,rr,z,rr,z,z,rr,z,z,z,z,rr,rr,z,z,rr,z,z,z,rr,z,z,z,z,rr,z,z,rr,z,rr,z,z,rr,z,z,z,z#z,rr,rr,z,z,rr,z,z,z,z,z,z,rr,z,z,rr,z,z,z,z#z,rr,z,rr,rr,z,z,rr,rr,z,rr,z,z,z,z,rr,z,rr,z#z,z,rr,z,rr,z,rr,rr,rr,z,z,rr,z,z,z,rr,z,z,rr,rr,z,z,rr,rr,rr,z,rr,rr,z,z,rr,rr,rr,z,rr,z,z,rr,rr,z,z,z,rr#z,z,z,rr,rr,z,z,rr,rr,rr,z,z,z,rr,rr,z,z,rr,rr,z,rr,rr,z,z,z,rr,z,z,rr,z,z,rr,rr,rr,rr,z,z,rr,rr,z,rr,rr,z,z,rr,z,rr,rr,rr#z,z,z,z,z,rr,rr,z,z,rr,z,z#z,z,z,z,z,rr,z,z,rr,z,rr,rr,rr,z,rr,rr,z,z,rr,rr,rr,z,rr,z,rr,rr,rr,z,z,rr,z,rr,rr,z,z,z,rr,rr,z,z,rr,rr,z,z,z#z,rr,rr,z,z,z,z,rr,z,z,z,z,z,rr,z,rr,rr,z,rr,rr,z,z,rr,z,z,z,rr,z,rr,z,z,rr,rr,rr,z,rr,z,rr,rr,rr,z,z,rr,z,z,rr,z,rr,rr,z,z,rr#z,rr,rr,z,z,z,z,rr,rr,z,z,rr,z,z,z#z,rr,z,z,z,z,z,z,rr,z,z,rr,rr,z,z,z,rr,z,rr,z,rr,rr,z#z,z,rr,rr,z,z,z,z,z,z,rr,z,z,z,z,rr,rr,rr,z,rr,rr,rr,z,rr,z,z,z,rr,z,z,rr,rr,z,z,rr,rr,z,z,z#z,rr,z,z,rr,z,z,rr,z,rr,rr,z,z,z,z,z,z,z,z,rr,z,rr,rr,z,z,rr,rr,z,rr,rr,rr,z,z,z,z,z,z,z,z,rr,rr,z,z,rr,z,z,rr#z,rr,rr,rr,z,z,z,z,z,z,rr,rr,z,z,z,rr,z,rr,rr,rr,z,rr,z,rr,z,z,z,z,rr,rr,z,z,z,z,z,z,rr,z,rr,rr,z,z,rr,rr,z,z,rr,rr,rr,z,rr,z,rr,z,z,rr,rr,z,z,z#z,z,rr,z,z,rr,z,z,rr,rr,rr,rr,z,z,rr,rr,z,rr,z,z,z,z,z,rr,z,z,z,rr,z,z,rr,z,z,z,rr,rr,z,rr,rr,rr,z,rr,rr,z,z,z,z,z,rr,z,rr,rr,z,rr,rr,z,rr,z,z,rr,z,z,rr,z,z,rr,rr,rr,rr,z,z,rr,rr,z,rr,rr,rr,z,rr,rr,z,rr,rr,z,z,rr,z,rr,rr,z,z,z,z,z,rr,z,rr,z,z,z,z,rr,rr,rr,z,rr,z,z,z,z,rr,z,rr,z,rr,rr,z,rr,rr,z,z,rr,rr,rr,z,z,rr,rr,z,z,z,z,z,z,z,z,rr,z,z,rr,z
FBDFA constructed
<ifyl519,"z,rr,z,z,rr,z,rr,z,z,z,rr,rr,z,z,z,rr,z,z,rr,rr,z">
<ifyl519,"z,z,rr,z,rr,z,rr,z,z,z,z,rr,rr,z,z,rr,rr,z,rr,z,z">
<ez4,"z,z,rr,z,rr">
<ez4,"z,rr,rr,z,z,rr,rr,rr,z,rr">
<ifyl519,"z,rr,z,z,rr">
<ifyl519,"z,rr,rr,z,rr,rr,rr,z,rr,rr,z,z,rr,rr,z,z,z,z,z,rr,rr,z,rr,rr,z,z,z,z,z,z">
<ifyl519,"z,rr,rr,rr,z,rr,rr,z,z,z,rr,rr,z,z,z,z,z,rr,z,z,z,rr,z,z,rr,rr,z,rr,rr,z,rr,rr,z,rr,rr,z,rr,z,z,rr,z,z,z,rr,z,z,rr,rr,rr,z,rr,z,rr,z,rr,rr,z,z,rr,rr">
<ifyl519,"z,z,z,rr,z,z,rr,rr,z,z,rr,z,z,rr,rr,z,rr,rr,z,z,rr,z,z,rr,z,z,z,z,z,z,z,z,z,z">
<ifyl519,"z,z,z,rr,z,z,rr,z,z,rr,z,z,rr,z,z,rr,z,z,z,z,z,rr,z">
<ifyl519,"z,z,z,rr,z,z,rr,z,z,rr,z,z,z,z,rr,z,rr,z,rr,rr">
<ifyl519,"z,rr,z,rr,rr,z,z,z,rr,rr,rr,z,z,rr,z,rr,rr,rr,z,z,rr,z,z,z,rr,z,rr,rr,z,z,rr,z,z,z,rr,rr,z,z,rr,z,rr,z,z,z,z,rr,rr,z">
<ifyl519,"z,rr,rr,z,z,rr,rr,z,z,z,z,z,rr,rr,z,z,rr,z,z,rr,rr,z,z,rr,z,z,rr,rr,rr">
<ifyl519,"z,rr,rr,z,rr,rr,z,z,rr,rr,rr,z,rr,rr,z,z,rr,rr,z,z,z,rr,z,z,rr,z,z,rr,rr,rr,rr,z,z,rr,rr,z,rr,rr,z,z,rr,rr,z,rr,rr,z,z,rr,rr,z,z,rr,z,z,z,z,rr,z,rr,z,z,z,z,z">
<ifyl519,"z,z,rr,rr,z,z,z,z,z,z,rr,rr,z,z,z,rr,z,rr,rr,z,z,z,z,z,z,rr,z,rr,rr,z,z,rr,z,z,z,z,z,rr,rr,z,rr,rr,z,z,rr,rr,z,z,rr,z">
<ifyl519,"z,rr,rr,z,z,z,z,z,rr,z,z,z,rr,z,z,z,z,z,rr,z,z,rr,z,z,rr,rr,rr,rr,z,z,rr,rr,z,z,z,z,rr,rr,z,z,rr,z,z,z,z">
<ifyl519,"z,rr,rr,z,z,rr,z,z,rr,z,z,rr,z,rr,rr,z,rr,z,rr,rr,z,z,z,rr,rr,z,z,rr,rr,rr,z,rr,z,z,z,rr,rr,z,rr,z,z,rr,z,z,z,z,z,z,rr,z,z,z,z">
<ifyl519,"z,rr,rr,z,z,rr,rr,z,rr,z,z,rr,rr,z,z,rr,rr,z,z,rr,z,rr,z,z,z,z,z,z,rr,z,rr,rr,z,z,z,rr">
<ifyl519,"z,rr,z,z,rr,rr,rr,z,z,z,z,z,z,rr,rr,z,z,z,z,z,rr,z,z,rr">
<ez4,"z,rr,rr,rr,z,z,z,z,rr,z,rr,z,z,z,rr,rr,z,rr,rr,z,z,rr,z,z,rr,z,z,rr,rr,rr,rr,z,z,rr,rr,z,z,z,z,z,rr,rr,rr,z,z,rr,z,rr,z,z,rr,rr,z,rr">
<ifyl519,"z,rr,z,z,z,z,rr,z,z,rr,z,z,rr,rr,rr,rr,z,z,rr,rr,z,z,rr,z,z,rr,z,z,rr,rr,rr,rr,z,z,rr,rr,z,z">
<ifyl519,"z,rr,rr,z,z,rr,z,z,z,z,rr,rr,rr,z,rr,rr,z,z,rr,z,z,rr,rr,rr,z,z,rr,rr,z,z,rr,rr,z,rr,rr,rr,z,z">
<ez4,"z,rr,rr,z,rr,rr,z,rr,z,rr,rr,rr,z,z,rr">
<ifyl519,"z,z,rr,z,z,rr,z,z,rr,rr,rr,rr,z,z,rr,rr,z,rr,rr,z,z,rr,z,rr,rr,z,z,rr,rr,z,z,rr,z,rr,z,z,rr,z,z,z,z,rr,rr,z,z,rr,z,z,z,rr,z,z,z,z,rr,z,z,rr,z,rr,z,z,rr,z,z,z,z">
<ifyl519,"z,rr,rr,z,z,rr,z,z,z,z,z,z,rr,z,z,rr,z,z,z,z">
<ifyl519,"z,rr,z,rr,rr,z,z,rr,rr,z,rr,z,z,z,z,rr,z,rr,z">
<ifyl519,"z,z,rr,z,rr,z,rr,rr,rr,z,z,rr,z,z,z,rr,z,z,rr,rr,z,z,rr,rr,rr,z,rr,rr,z,z,rr,rr,rr,z,rr,z,z,rr,rr,z,z,z,rr">
<ez4,"z,z,z,rr,rr,z,z,rr,rr,rr,z,z,z,rr,rr,z,z,rr,rr,z,rr,rr,z,z,z,rr,z,z,rr,z,z,rr,rr,rr,rr,z,z,rr,rr,z,rr,rr,z,z,rr,z,rr,rr,rr">
<ifyl519,"z,z,z,z,z,rr,rr,z,z,rr,z,z">
<ifyl519,"z,z,z,z,z,rr,z,z,rr,z,rr,rr,rr,z,rr,rr,z,z,rr,rr,rr,z,rr,z,rr,rr,rr,z,z,rr,z,rr,rr,z,z,z,rr,rr,z,z,rr,rr,z,z,z">
<ifyl519,"z,rr,rr,z,z,z,z,rr,z,z,z,z,z,rr,z,rr,rr,z,rr,rr,z,z,rr,z,z,z,rr,z,rr,z,z,rr,rr,rr,z,rr,z,rr,rr,rr,z,z,rr,z,z,rr,z,rr,rr,z,z,rr">
<ifyl519,"z,rr,rr,z,z,z,z,rr,rr,z,z,rr,z,z,z">
<ifyl519,"z,rr,z,z,z,z,z,z,rr,z,z,rr,rr,z,z,z,rr,z,rr,z,rr,rr,z">
<ifyl519,"z,z,rr,rr,z,z,z,z,z,z,rr,z,z,z,z,rr,rr,rr,z,rr,rr,rr,z,rr,z,z,z,rr,z,z,rr,rr,z,z,rr,rr,z,z,z">
<ifyl519,"z,rr,z,z,rr,z,z,rr,z,rr,rr,z,z,z,z,z,z,z,z,rr,z,rr,rr,z,z,rr,rr,z,rr,rr,rr,z,z,z,z,z,z,z,z,rr,rr,z,z,rr,z,z,rr">
<ifyl519,"z,rr,rr,rr,z,z,z,z,z,z,rr,rr,z,z,z,rr,z,rr,rr,rr,z,rr,z,rr,z,z,z,z,rr,rr,z,z,z,z,z,z,rr,z,rr,rr,z,z,rr,rr,z,z,rr,rr,rr,z,rr,z,rr,z,z,rr,rr,z,z,z">
<ifyl519,"z,z,rr,z,z,rr,z,z,rr,rr,rr,rr,z,z,rr,rr,z,rr,z,z,z,z,z,rr,z,z,z,rr,z,z,rr,z,z,z,rr,rr,z,rr,rr,rr,z,rr,rr,z,z,z,z,z,rr,z,rr,rr,z,rr,rr,z,rr,z,z,rr,z,z,rr,z,z,rr,rr,rr,rr,z,z,rr,rr,z,rr,rr,rr,z,rr,rr,z,rr,rr,z,z,rr,z,rr,rr,z,z,z,z,z,rr,z,rr,z,z,z,z,rr,rr,rr,z,rr,z,z,z,z,rr,z,rr,z,rr,rr,z,rr,rr,z,z,rr,rr,rr,z,z,rr,rr,z,z,z,z,z,z,z,z,rr,z,z,rr,z">


