FBNFA constructed
Equivalent FBDFA:
drr*iu4*ufr*yh,oc*ufr,drr*iu4*oc*oq*ufr*yh,drr*iu4*oc*ufr*yh,drr*ufr*yh,ufr,Dead
drr*iu4*ufr*yh,oc*ufr,drr*iu4*oc*oq*ufr*yh,drr*iu4*oc*ufr*yh,drr*ufr*yh,ufr
gz3,gz3,gz3,gz3,gz3,gz3
m,b,oz,qt,ol,az,ga,pj
drr*iu4*ufr*yh
drr*iu4*ufr*yh,Dead,m#drr*iu4*ufr*yh,oc*ufr,b#drr*iu4*ufr*yh,drr*iu4*oc*oq*ufr*yh,oz#drr*iu4*ufr*yh,drr*iu4*oc*ufr*yh,qt#drr*iu4*ufr*yh,Dead,ol#drr*iu4*ufr*yh,drr*ufr*yh,az#drr*iu4*ufr*yh,drr*iu4*ufr*yh,ga#drr*iu4*ufr*yh,Dead,pj#oc*ufr,Dead,m#oc*ufr,Dead,b#oc*ufr,drr*iu4*ufr*yh,oz#oc*ufr,ufr,qt#oc*ufr,Dead,ol#oc*ufr,ufr,az#oc*ufr,drr*ufr*yh,ga#oc*ufr,Dead,pj#drr*iu4*oc*oq*ufr*yh,Dead,m#drr*iu4*oc*oq*ufr*yh,oc*ufr,b#drr*iu4*oc*oq*ufr*yh,drr*iu4*oc*oq*ufr*yh,oz#drr*iu4*oc*oq*ufr*yh,drr*iu4*oc*ufr*yh,qt#drr*iu4*oc*oq*ufr*yh,Dead,ol#drr*iu4*oc*oq*ufr*yh,drr*ufr*yh,az#drr*iu4*oc*oq*ufr*yh,drr*iu4*ufr*yh,ga#drr*iu4*oc*oq*ufr*yh,Dead,pj#drr*iu4*oc*ufr*yh,Dead,m#drr*iu4*oc*ufr*yh,oc*ufr,b#drr*iu4*oc*ufr*yh,drr*iu4*oc*oq*ufr*yh,oz#drr*iu4*oc*ufr*yh,drr*iu4*oc*ufr*yh,qt#drr*iu4*oc*ufr*yh,Dead,ol#drr*iu4*oc*ufr*yh,drr*ufr*yh,az#drr*iu4*oc*ufr*yh,drr*iu4*ufr*yh,ga#drr*iu4*oc*ufr*yh,Dead,pj#drr*ufr*yh,Dead,m#drr*ufr*yh,oc*ufr,b#drr*ufr*yh,drr*iu4*oc*oq*ufr*yh,oz#drr*ufr*yh,drr*iu4*oc*ufr*yh,qt#drr*ufr*yh,Dead,ol#drr*ufr*yh,drr*ufr*yh,az#drr*ufr*yh,drr*ufr*yh,ga#drr*ufr*yh,Dead,pj#ufr,Dead,m#ufr,Dead,b#ufr,drr*iu4*ufr*yh,oz#ufr,Dead,qt#ufr,Dead,ol#ufr,ufr,az#ufr,drr*ufr*yh,ga#ufr,Dead,pj#Dead,Dead,m#Dead,Dead,b#Dead,Dead,oz#Dead,Dead,qt#Dead,Dead,ol#Dead,Dead,az#Dead,Dead,ga#Dead,Dead,pj
b,oz,b,qt,b,az,oz,ga,b,qt#oz,b,oz,ga,b,oz,b,az,ga,az,oz,az,ga,qt,oz,oz,oz,oz,b,az,ga,az,oz,az,ga,qt,b,az,ga,az,oz,az,ga,qt,az,oz,b,az,ga,az,oz,az,ga,qt,oz#oz,oz,ga,b,oz#ga,b,az,ga,az,oz,az,ga,qt,b,az,ga,az,oz,az,ga,qt,b,qt,ga,oz,b,qt,b,qt,b#b,az,ga,az,oz,az,ga,qt,oz,oz,b,az,ga,az,oz,az,ga,qt,b,oz#b,az,ga#az,oz,b,az,ga,az,oz,az,ga,qt,oz,b,az,ga,az,oz,az,ga,qt,b,oz,ga,az,b,az,b,az,ga,b#oz,b,oz,b,oz,b,oz,az,b,qt#b,az,oz,oz,b,az,b,qt,oz,ga,az,b,oz,az,oz,b,oz,b,az,ga,az,oz,az,ga,qt#oz,b,az,b,az,b,qt,b,az,b,oz,b,oz,b,az,ga,az,oz,az,ga,qt,b,oz,b,oz,b,qt,ga#az,b,az,b,az,ga,az,oz,az,ga,qt,b,oz#az,az,b,oz,b,qt,b,qt,b,az,oz,b,b,b,oz,ga,oz,b,oz,b,az,ga,az,oz,az,ga,qt#oz,b,az,oz,ga,b,oz,b,oz,oz,oz,b,az,b,oz,b,az,oz,b,b,az,ga,az,oz,az,ga,qt,b,qt#oz,oz,oz,oz,b,az,ga,az,oz,az,ga,qt,b,oz,b,qt,b,oz,oz,b,oz,b,az,ga,az,oz,az,ga,qt,oz#b,oz,oz,b,oz,b,qt,az,b,b,az,b,qt,b,qt,oz,b,oz,b,ga,b,az,ga,az,oz,az,ga,qt,ga#oz,b#oz,b,az,oz,b,oz,az,ga,b,az,b,oz,b,az,b,oz#b,oz,b,oz,az#b,az,ga,az,b,b,qt,b,oz,ga#b,az,oz,b,oz,oz,ga,b,oz#b,qt,b,oz,oz,ga,az,ga,b,oz,b,oz#ga,b,az,ga,az,oz,az,ga,qt,oz,b,oz,b,oz#b,oz,b,az,ga,b,oz,b,oz,b,b,az,az,b,oz,b,az,ga,az,oz,az,ga,qt,b,az,ga,az,oz,az,ga,qt,ga,b,b,az,ga,az,oz,az,ga,qt,az#b,oz,b,qt,oz,b,qt,oz,az,oz,b,az,b,ga,b,az#az,b,oz,b,oz,ga,oz,b,b,oz,az,az,ga,az,b,az,ga,b,oz#ga,b,az#az,az,b,oz,az,b,b,oz,b,oz,az,b,az,ga,az,oz,az,ga,qt,oz,oz#oz,b,az,ga,az,oz,az,ga,qt,ga,b,az,ga,az,oz,az,ga,qt,oz,b,oz,az,ga,b,oz,b,qt,b,oz,oz,b,az#ga,ga,ga,b,qt,b,oz#oz,b,az,b,az,ga,az,oz,az,ga,qt,b,b,oz,b,oz,b,ga,oz,ga#b,oz,b,b,oz,b,qt,b,oz,b,oz,oz,b,az,oz,b,b,oz,b,oz,b,b,oz,ga,b,qt,b,qt,b,az,ga,az,oz,az,ga,qt,b,az,ga,az,oz,az,ga,qt,b,az,ga,az,oz,az,ga,qt#b,oz,ga,b,az,b,az,oz,oz,b,qt,b,az,b,az,b,b,az,ga,az,oz,az,ga,qt,b,qt,b,qt,b,qt,b,oz,az,b,oz,oz#oz,b,az,ga,b,az,ga,az,oz,az,ga,qt,b,az,ga,az,oz,az,ga,qt,oz,oz,b,az,ga,az,oz,az,ga,qt,ga,b,az,ga,az,oz,az,ga,qt,oz#b,oz,b,oz,b,b,az,ga,az,oz,az,ga,qt,az#b,oz,b,az,ga,az,oz,az,ga,qt,b,b,qt,b,az,b,oz,oz,oz,az,b,b,b,oz,az,oz,ga,b,az,ga,b,az#az,b,az,oz,b,az,oz,az#az,b,qt,b,oz,b,az,ga,az,oz,az,ga,qt,b,qt,b,az,ga,oz,oz,b,qt,b,oz,ga,b,b,b,b,oz,b,az,ga,az,oz,az,ga,qt,b,az,oz,b,b#oz,oz,oz,b,qt,oz,b,az,ga,az,oz,az,ga,qt,b,oz,b,oz,b,az,ga,az,oz,az,ga,qt,ga,b,az,b,b,az,ga,az,oz,az,ga,qt#ga,oz,b,az,b,oz,az,b,az,ga,az,oz,az,ga,qt,oz,az,ga,oz,ga,b,qt,b,qt,b#oz,ga,az,oz,ga,az,oz,az,b,oz,ga,b,qt,ga,b,az,ga,az,oz,az,ga,qt,oz,oz,oz,b,oz,b,az,ga,az,oz,az,ga,qt#b,az,b,qt,oz,b,oz,b,az,ga,az,oz,az,ga,qt#b,oz,b,az,az#b,az,b,az,ga,az,oz,az,ga,qt,b,oz,ga,b,az,ga,az,oz,az,ga,qt,oz,b,az,ga,az,oz,az,ga,qt,b,oz,oz,b,b,b,oz,oz,ga,b,az,ga,az,oz,az,ga,qt,b,oz,b,az,ga,az,oz,az,ga,qt,ga,oz,b,b,oz,oz,oz,oz,b,oz,b,oz,b,az,ga,az,oz,az,ga,qt,b,ga,az,ga,ga,b,az,az,az,oz,az,oz,ga,ga,oz,b,az,ga,az,oz,az,ga,qt,b,qt,b,az,ga,az,oz,az,ga,qt,oz,b,az,oz
FBDFA constructed
<gz3,"b,oz,b,qt"><gz3,"b,az,oz,ga,b,qt">
<gz3,"oz,b,oz,ga,b,oz,b,az,ga,az,oz,az,ga,qt,oz,oz,oz,oz,b,az,ga,az,oz,az,ga,qt,b,az,ga,az,oz,az,ga,qt,az,oz,b,az,ga,az,oz,az,ga,qt,oz">
<gz3,"oz,oz,ga,b,oz">
<gz3,"ga,b,az,ga,az,oz,az,ga,qt,b,az,ga,az,oz,az,ga,qt,b,qt,ga,oz,b,qt"><gz3,"b,qt"><gz3,"b">
<gz3,"b,az,ga,az,oz,az,ga,qt,oz,oz,b,az,ga,az,oz,az,ga,qt,b,oz">
<gz3,"b,az,ga">
<gz3,"az,oz,b,az,ga,az,oz,az,ga,qt,oz,b,az,ga,az,oz,az,ga,qt,b,oz,ga,az,b,az"><gz3,"b,az,ga,b">
<gz3,"oz,b,oz,b,oz,b,oz,az,b,qt">
<gz3,"b,az,oz,oz,b,az"><gz3,"b,qt,oz,ga,az,b,oz,az,oz,b,oz,b,az,ga,az,oz,az,ga,qt">
<gz3,"oz,b,az"><gz3,"b,az"><gz3,"b,qt"><gz3,"b,az"><gz3,"b,oz,b,oz,b,az,ga,az,oz,az,ga,qt,b,oz,b,oz,b,qt,ga">
<gz3,"az,b,az"><gz3,"b,az,ga,az,oz,az,ga,qt,b,oz">
<gz3,"az,az,b,oz,b,qt"><gz3,"b,qt"><gz3,"b,az,oz,b"><gz3,"b"><gz3,"b,oz,ga,oz,b,oz,b,az,ga,az,oz,az,ga,qt">
<gz3,"oz,b,az,oz,ga,b,oz,b,oz,oz,oz,b,az"><gz3,"b,oz,b,az,oz,b"><gz3,"b,az,ga,az,oz,az,ga,qt,b,qt">
<gz3,"oz,oz,oz,oz,b,az,ga,az,oz,az,ga,qt,b,oz,b,qt"><gz3,"b,oz,oz,b,oz,b,az,ga,az,oz,az,ga,qt,oz">
<gz3,"b,oz,oz,b,oz,b,qt,az"><gz3,"b"><gz3,"b,az"><gz3,"b,qt"><gz3,"b,qt,oz,b,oz,b,ga,b,az,ga,az,oz,az,ga,qt,ga">
<gz3,"oz,b">
<gz3,"oz,b,az,oz,b,oz,az,ga,b,az"><gz3,"b,oz,b,az"><gz3,"b,oz">
<gz3,"b,oz,b,oz,az">
<gz3,"b,az,ga,az,b"><gz3,"b,qt"><gz3,"b,oz,ga">
<gz3,"b,az,oz,b,oz,oz,ga,b,oz">
<gz3,"b,qt"><gz3,"b,oz,oz,ga,az,ga,b,oz,b,oz">
<gz3,"ga,b,az,ga,az,oz,az,ga,qt,oz,b,oz,b,oz">
<gz3,"b,oz,b,az,ga,b,oz,b,oz,b"><gz3,"b,az,az"><gz3,"b,oz,b,az,ga,az,oz,az,ga,qt,b,az,ga,az,oz,az,ga,qt,ga,b"><gz3,"b,az,ga,az,oz,az,ga,qt,az">
<gz3,"b,oz,b,qt,oz,b,qt,oz,az,oz,b,az"><gz3,"b,ga,b,az">
<gz3,"az,b,oz,b,oz,ga,oz,b"><gz3,"b,oz,az,az,ga,az,b,az,ga,b,oz">
<gz3,"ga,b,az">
<gz3,"az,az,b,oz,az,b"><gz3,"b,oz,b,oz,az,b,az,ga,az,oz,az,ga,qt,oz,oz">
<gz3,"oz,b,az,ga,az,oz,az,ga,qt,ga,b,az,ga,az,oz,az,ga,qt,oz,b,oz,az,ga,b,oz,b,qt"><gz3,"b,oz,oz,b,az">
<gz3,"ga,ga,ga,b,qt"><gz3,"b,oz">
<gz3,"oz,b,az"><gz3,"b,az,ga,az,oz,az,ga,qt,b"><gz3,"b,oz,b,oz,b,ga,oz,ga">
<gz3,"b,oz,b"><gz3,"b,oz,b,qt"><gz3,"b,oz,b,oz,oz,b,az,oz,b"><gz3,"b,oz,b,oz,b"><gz3,"b,oz,ga,b,qt"><gz3,"b,qt"><gz3,"b,az,ga,az,oz,az,ga,qt,b,az,ga,az,oz,az,ga,qt,b,az,ga,az,oz,az,ga,qt">
<gz3,"b,oz,ga,b,az"><gz3,"b,az,oz,oz,b,qt"><gz3,"b,az"><gz3,"b,az"><gz3,"b"><gz3,"b,az,ga,az,oz,az,ga,qt,b,qt"><gz3,"b,qt"><gz3,"b,qt"><gz3,"b,oz,az,b,oz,oz">
<gz3,"oz,b,az,ga,b,az,ga,az,oz,az,ga,qt,b,az,ga,az,oz,az,ga,qt,oz,oz,b,az,ga,az,oz,az,ga,qt,ga,b,az,ga,az,oz,az,ga,qt,oz">
<gz3,"b,oz,b,oz,b"><gz3,"b,az,ga,az,oz,az,ga,qt,az">
<gz3,"b,oz,b,az,ga,az,oz,az,ga,qt,b"><gz3,"b,qt"><gz3,"b,az"><gz3,"b,oz,oz,oz,az,b"><gz3,"b"><gz3,"b,oz,az,oz,ga,b,az,ga,b,az">
<gz3,"az,b,az,oz,b,az,oz,az">
<gz3,"az,b,qt"><gz3,"b,oz,b,az,ga,az,oz,az,ga,qt,b,qt"><gz3,"b,az,ga,oz,oz,b,qt"><gz3,"b,oz,ga,b"><gz3,"b"><gz3,"b"><gz3,"b,oz,b,az,ga,az,oz,az,ga,qt,b,az,oz,b"><gz3,"b">
<gz3,"oz,oz,oz,b,qt,oz,b,az,ga,az,oz,az,ga,qt,b,oz,b,oz,b,az,ga,az,oz,az,ga,qt,ga,b,az"><gz3,"b"><gz3,"b,az,ga,az,oz,az,ga,qt">
<gz3,"ga,oz,b,az"><gz3,"b,oz,az,b,az,ga,az,oz,az,ga,qt,oz,az,ga,oz,ga,b,qt"><gz3,"b,qt"><gz3,"b">
<gz3,"oz,ga,az,oz,ga,az,oz,az,b,oz,ga,b,qt,ga,b,az,ga,az,oz,az,ga,qt,oz,oz,oz,b,oz,b,az,ga,az,oz,az,ga,qt">
<gz3,"b,az"><gz3,"b,qt,oz,b,oz,b,az,ga,az,oz,az,ga,qt">
<gz3,"b,oz,b,az,az">
<gz3,"b,az"><gz3,"b,az,ga,az,oz,az,ga,qt,b,oz,ga,b,az,ga,az,oz,az,ga,qt,oz,b,az,ga,az,oz,az,ga,qt,b,oz,oz,b"><gz3,"b"><gz3,"b,oz,oz,ga,b,az,ga,az,oz,az,ga,qt,b,oz,b,az,ga,az,oz,az,ga,qt,ga,oz,b"><gz3,"b,oz,oz,oz,oz,b,oz,b,oz,b,az,ga,az,oz,az,ga,qt,b,ga,az,ga,ga,b,az,az,az,oz,az,oz,ga,ga,oz,b,az,ga,az,oz,az,ga,qt,b,qt"><gz3,"b,az,ga,az,oz,az,ga,qt,oz,b,az,oz">


