FBNFA constructed
Equivalent FBDFA:
ce7*gk682*jmf*qjw6*qwx*xxm,Dead
ce7*gk682*jmf*qjw6*qwx*xxm
qq961
gn,oq,q,i,j,nj,wq
ce7*gk682*jmf*qjw6*qwx*xxm
ce7*gk682*jmf*qjw6*qwx*xxm,Dead,gn#ce7*gk682*jmf*qjw6*qwx*xxm,ce7*gk682*jmf*qjw6*qwx*xxm,oq#ce7*gk682*jmf*qjw6*qwx*xxm,ce7*gk682*jmf*qjw6*qwx*xxm,q#ce7*gk682*jmf*qjw6*qwx*xxm,ce7*gk682*jmf*qjw6*qwx*xxm,i#ce7*gk682*jmf*qjw6*qwx*xxm,ce7*gk682*jmf*qjw6*qwx*xxm,j#ce7*gk682*jmf*qjw6*qwx*xxm,ce7*gk682*jmf*qjw6*qwx*xxm,nj#ce7*gk682*jmf*qjw6*qwx*xxm,Dead,wq#Dead,Dead,gn#Dead,Dead,oq#Dead,Dead,q#Dead,Dead,i#Dead,Dead,j#Dead,Dead,nj#Dead,Dead,wq
oq,j,oq,i,oq,j,i,i,wq,i,wq,i,q,q,q,oq,q,oq,q,oq,oq,q,nj,oq,q,oq,i,nj,nj,oq,q,oq,j,oq,q,oq,i,oq,j,oq,i,oq#nj,nj,oq,q,j,oq,q,nj,oq,oq,q,j,i,i,wq,i,wq,i,q,q,q,oq,oq,q,oq,q,oq,j,j,oq,oq,j,i,i,wq,i,wq,i,q,q,q,oq,q,oq,i#oq,i,i,i,wq,i,wq,i,q,q,q,oq,q,nj,nj,oq,i,oq,j,oq,q,oq,q,nj,oq,nj#nj,oq,q,oq,i,oq,j,nj,nj,oq,oq,j,nj,oq,q,oq,q,oq,oq,nj,i,i,wq,i,wq,i,q,q,q,nj,oq,i,nj#oq,oq,i,oq,j,j,j,i,oq,j,j,oq,i,j,i,i,wq,i,wq,i,q,q,q,oq#nj,i,oq,j,oq,j,oq,q,oq,oq,j,nj,j,oq,nj,oq,j,oq,q,oq,q,oq,q,oq,j,nj#oq,oq,j,oq,q,i,i,wq,i,wq,i,q,q,q,oq,oq,j,oq,q,nj,oq,i,oq,q,oq,q,oq,q,oq,q,oq#oq,i,j,oq,q,oq,oq,oq,q,oq,j,i,i,wq,i,wq,i,q,q,q,oq,nj,i,i,wq,i,wq,i,q,q,q,i,oq,q,oq,q,oq,j,oq,oq,oq,i,i,wq,i,wq,i,q,q,q#oq,i,oq,oq,i,oq,oq,i,j,oq,oq,j,oq,q,oq#oq,i,oq,q,oq,i,oq,q,oq,oq,i,i,wq,i,wq,i,q,q,q,j,oq,j,nj,nj,oq,nj,oq#oq,j,oq,oq,q,i,i,wq,i,wq,i,q,q,q,nj,oq,i,oq,i,oq,j,oq#nj,nj,j,oq,j,oq,oq,oq#oq,i,i,wq,i,wq,i,q,q,q,oq,q,oq,oq,j,nj,oq,i,oq,j,oq,j,oq,nj,nj,oq,nj,i#oq,j,oq,nj,nj,oq,j,oq,j,oq,j,i,oq,i,nj,oq,j,j,i,i,wq,i,wq,i,q,q,q,oq,i,i,i,wq,i,wq,i,q,q,q,i#oq,q,j,oq,q,oq,i,oq,i,i,wq,i,wq,i,q,q,q,oq,q,oq,oq,oq,nj,i,nj#oq,q,oq,oq,q,oq,oq,nj,oq,j,i,oq,q#j,nj,i,oq,oq#oq,q,oq,q,nj,oq,i,nj,i,i,wq,i,wq,i,q,q,q,nj,oq#oq,i,oq,i,oq,oq,q,oq,j,oq,oq,j,nj,j#oq,q,oq,j,oq,q,i,i,j,nj,i,i,wq,i,wq,i,q,q,q,i,oq,nj,nj#oq,q,oq,j,i,i,wq,i,wq,i,q,q,q,oq,i,oq,oq,oq,oq,oq,j,oq,oq,oq,j,i,i,wq,i,wq,i,q,q,q,i,i,oq,j#j,oq,j,oq,j,j#j,oq,j,oq,i,oq,q,oq,q,oq,oq,q,oq,j,oq,q,oq,q,i#oq,q,oq,j,oq,oq,j,oq,q,oq,nj,i,i,wq,i,wq,i,q,q,q,oq,i,oq,q,nj,nj,oq,q,oq,oq,i#oq,j,i,i,wq,i,wq,i,q,q,q,nj,oq,j,oq,oq,oq,i,j,oq,oq,j,oq,q,oq,j#oq,q,oq,oq,oq,i,i,wq,i,wq,i,q,q,q#nj,oq,j,nj,j,i#i,nj,oq,oq,oq,j,i,oq,q,oq#nj,oq,j,oq,q,nj,oq,j,oq,i,oq,j,oq,i,j,oq,j,oq,oq,q,i,nj,oq,j,oq,q#nj,nj,i,oq,q#oq,q,i,oq,i,nj,oq,oq,i,oq,nj,oq,oq,nj#j,oq,j,oq,oq,oq,q,oq,j,j,oq,oq,j,nj,oq,j,oq,oq,i,oq,j,i,i,wq,i,wq,i,q,q,q,oq,oq,q#nj,oq,j,oq,nj,oq,oq,oq,oq,oq,q,nj,nj,j,oq,j#oq,j,oq,oq,q,nj,nj,oq,nj,oq,i,i,wq,i,wq,i,q,q,q,oq,oq,oq,i,nj,oq,q,i,i,wq,i,wq,i,q,q,q,oq,oq,oq,j,oq,j,i,oq,q#nj,i,i,wq,i,wq,i,q,q,q,oq,q,nj,nj,nj,i,i,i,wq,i,wq,i,q,q,q,oq,q,oq,j,i,oq,i,oq,oq,q,oq,j,oq,oq,q,nj,oq,nj,nj#i,oq,oq,nj,oq,q,oq,nj,oq,j,i,i,wq,i,wq,i,q,q,q#oq,oq,oq,j,oq,oq,j,oq,j,j,oq,q,j,nj,i,i,wq,i,wq,i,q,q,q,oq,q#oq,q,nj,oq,q,oq,nj,oq,q,oq,q,oq,j,oq,oq,j,nj,i,oq,j#nj,nj,nj,j,oq,i,oq,i,i,wq,i,wq,i,q,q,q,nj,oq,q,oq,q,oq,q,j,oq,j,i#oq,q,nj,oq,j,nj,oq,q,oq,nj,i,oq,j,oq,j,i,i,wq,i,wq,i,q,q,q#nj,nj,oq,j,i,i,wq,i,wq,i,q,q,q,nj,oq,oq,oq,q,oq,nj,oq,j,nj,oq,q,oq,j,i,j#j,nj,oq,j,nj,i,i,wq,i,wq,i,q,q,q,j,j,i,i,i,wq,i,wq,i,q,q,q,oq,j,i,i,wq,i,wq,i,q,q,q,oq,oq#oq,q,oq,nj,oq,j,i,nj,nj,i,i,wq,i,wq,i,q,q,q,oq,nj,oq,q,nj,i,oq,i,oq,j,oq,oq#oq,i,i,wq,i,wq,i,q,q,q,i,i,j,oq,j,oq,j#nj,i,i,wq,i,wq,i,q,q,q,nj,oq,j,oq,q,nj,oq,j,nj,oq,oq,q,j#oq,oq,oq,j,oq,oq,q,j,oq,j,j,oq,i,nj,nj,oq,oq,j,oq,nj,oq,j,nj,i,i,wq,i,wq,i,q,q,q,nj,oq,oq,j#oq,q,oq,oq,nj,oq,q,oq,oq,oq,q,nj,i,oq,oq,q,oq,i,i,wq,i,wq,i,q,q,q,oq,i
FBDFA constructed
<qq961,"oq,j,oq,i,oq,j,i,i"><Error,"wq,i,wq,i,q,q,q,oq,q,oq,q,oq,oq,q,nj,oq,q,oq,i,nj,nj,oq,q,oq,j,oq,q,oq,i,oq,j,oq,i,oq">
<qq961,"nj,nj,oq,q,j,oq,q,nj,oq,oq,q,j,i,i"><Error,"wq,i,wq,i,q,q,q,oq,oq,q,oq,q,oq,j,j,oq,oq,j,i,i,wq,i,wq,i,q,q,q,oq,q,oq,i">
<qq961,"oq,i,i,i"><Error,"wq,i,wq,i,q,q,q,oq,q,nj,nj,oq,i,oq,j,oq,q,oq,q,nj,oq,nj">
<qq961,"nj,oq,q,oq,i,oq,j,nj,nj,oq,oq,j,nj,oq,q,oq,q,oq,oq,nj,i,i"><Error,"wq,i,wq,i,q,q,q,nj,oq,i,nj">
<qq961,"oq,oq,i,oq,j,j,j,i,oq,j,j,oq,i,j,i,i"><Error,"wq,i,wq,i,q,q,q,oq">
<qq961,"nj,i,oq,j,oq,j,oq,q,oq,oq,j,nj,j,oq,nj,oq,j,oq,q,oq,q,oq,q,oq,j,nj">
<qq961,"oq,oq,j,oq,q,i,i"><Error,"wq,i,wq,i,q,q,q,oq,oq,j,oq,q,nj,oq,i,oq,q,oq,q,oq,q,oq,q,oq">
<qq961,"oq,i,j,oq,q,oq,oq,oq,q,oq,j,i,i"><Error,"wq,i,wq,i,q,q,q,oq,nj,i,i,wq,i,wq,i,q,q,q,i,oq,q,oq,q,oq,j,oq,oq,oq,i,i,wq,i,wq,i,q,q,q">
<qq961,"oq,i,oq,oq,i,oq,oq,i,j,oq,oq,j,oq,q,oq">
<qq961,"oq,i,oq,q,oq,i,oq,q,oq,oq,i,i"><Error,"wq,i,wq,i,q,q,q,j,oq,j,nj,nj,oq,nj,oq">
<qq961,"oq,j,oq,oq,q,i,i"><Error,"wq,i,wq,i,q,q,q,nj,oq,i,oq,i,oq,j,oq">
<qq961,"nj,nj,j,oq,j,oq,oq,oq">
<qq961,"oq,i,i"><Error,"wq,i,wq,i,q,q,q,oq,q,oq,oq,j,nj,oq,i,oq,j,oq,j,oq,nj,nj,oq,nj,i">
<qq961,"oq,j,oq,nj,nj,oq,j,oq,j,oq,j,i,oq,i,nj,oq,j,j,i,i"><Error,"wq,i,wq,i,q,q,q,oq,i,i,i,wq,i,wq,i,q,q,q,i">
<qq961,"oq,q,j,oq,q,oq,i,oq,i,i"><Error,"wq,i,wq,i,q,q,q,oq,q,oq,oq,oq,nj,i,nj">
<qq961,"oq,q,oq,oq,q,oq,oq,nj,oq,j,i,oq,q">
<qq961,"j,nj,i,oq,oq">
<qq961,"oq,q,oq,q,nj,oq,i,nj,i,i"><Error,"wq,i,wq,i,q,q,q,nj,oq">
<qq961,"oq,i,oq,i,oq,oq,q,oq,j,oq,oq,j,nj,j">
<qq961,"oq,q,oq,j,oq,q,i,i,j,nj,i,i"><Error,"wq,i,wq,i,q,q,q,i,oq,nj,nj">
<qq961,"oq,q,oq,j,i,i"><Error,"wq,i,wq,i,q,q,q,oq,i,oq,oq,oq,oq,oq,j,oq,oq,oq,j,i,i,wq,i,wq,i,q,q,q,i,i,oq,j">
<qq961,"j,oq,j,oq,j,j">
<qq961,"j,oq,j,oq,i,oq,q,oq,q,oq,oq,q,oq,j,oq,q,oq,q,i">
<qq961,"oq,q,oq,j,oq,oq,j,oq,q,oq,nj,i,i"><Error,"wq,i,wq,i,q,q,q,oq,i,oq,q,nj,nj,oq,q,oq,oq,i">
<qq961,"oq,j,i,i"><Error,"wq,i,wq,i,q,q,q,nj,oq,j,oq,oq,oq,i,j,oq,oq,j,oq,q,oq,j">
<qq961,"oq,q,oq,oq,oq,i,i"><Error,"wq,i,wq,i,q,q,q">
<qq961,"nj,oq,j,nj,j,i">
<qq961,"i,nj,oq,oq,oq,j,i,oq,q,oq">
<qq961,"nj,oq,j,oq,q,nj,oq,j,oq,i,oq,j,oq,i,j,oq,j,oq,oq,q,i,nj,oq,j,oq,q">
<qq961,"nj,nj,i,oq,q">
<qq961,"oq,q,i,oq,i,nj,oq,oq,i,oq,nj,oq,oq,nj">
<qq961,"j,oq,j,oq,oq,oq,q,oq,j,j,oq,oq,j,nj,oq,j,oq,oq,i,oq,j,i,i"><Error,"wq,i,wq,i,q,q,q,oq,oq,q">
<qq961,"nj,oq,j,oq,nj,oq,oq,oq,oq,oq,q,nj,nj,j,oq,j">
<qq961,"oq,j,oq,oq,q,nj,nj,oq,nj,oq,i,i"><Error,"wq,i,wq,i,q,q,q,oq,oq,oq,i,nj,oq,q,i,i,wq,i,wq,i,q,q,q,oq,oq,oq,j,oq,j,i,oq,q">
<qq961,"nj,i,i"><Error,"wq,i,wq,i,q,q,q,oq,q,nj,nj,nj,i,i,i,wq,i,wq,i,q,q,q,oq,q,oq,j,i,oq,i,oq,oq,q,oq,j,oq,oq,q,nj,oq,nj,nj">
<qq961,"i,oq,oq,nj,oq,q,oq,nj,oq,j,i,i"><Error,"wq,i,wq,i,q,q,q">
<qq961,"oq,oq,oq,j,oq,oq,j,oq,j,j,oq,q,j,nj,i,i"><Error,"wq,i,wq,i,q,q,q,oq,q">
<qq961,"oq,q,nj,oq,q,oq,nj,oq,q,oq,q,oq,j,oq,oq,j,nj,i,oq,j">
<qq961,"nj,nj,nj,j,oq,i,oq,i,i"><Error,"wq,i,wq,i,q,q,q,nj,oq,q,oq,q,oq,q,j,oq,j,i">
<qq961,"oq,q,nj,oq,j,nj,oq,q,oq,nj,i,oq,j,oq,j,i,i"><Error,"wq,i,wq,i,q,q,q">
<qq961,"nj,nj,oq,j,i,i"><Error,"wq,i,wq,i,q,q,q,nj,oq,oq,oq,q,oq,nj,oq,j,nj,oq,q,oq,j,i,j">
<qq961,"j,nj,oq,j,nj,i,i"><Error,"wq,i,wq,i,q,q,q,j,j,i,i,i,wq,i,wq,i,q,q,q,oq,j,i,i,wq,i,wq,i,q,q,q,oq,oq">
<qq961,"oq,q,oq,nj,oq,j,i,nj,nj,i,i"><Error,"wq,i,wq,i,q,q,q,oq,nj,oq,q,nj,i,oq,i,oq,j,oq,oq">
<qq961,"oq,i,i"><Error,"wq,i,wq,i,q,q,q,i,i,j,oq,j,oq,j">
<qq961,"nj,i,i"><Error,"wq,i,wq,i,q,q,q,nj,oq,j,oq,q,nj,oq,j,nj,oq,oq,q,j">
<qq961,"oq,oq,oq,j,oq,oq,q,j,oq,j,j,oq,i,nj,nj,oq,oq,j,oq,nj,oq,j,nj,i,i"><Error,"wq,i,wq,i,q,q,q,nj,oq,oq,j">
<qq961,"oq,q,oq,oq,nj,oq,q,oq,oq,oq,q,nj,i,oq,oq,q,oq,i,i"><Error,"wq,i,wq,i,q,q,q,oq,i">


