FBNFA constructed
Equivalent FBDFA:
cuuc*iv*nl*qq6*wy*zh68,cuuc*iez*iv*nl*qq6*wy*zh68,Dead
cuuc*iv*nl*qq6*wy*zh68,cuuc*iez*iv*nl*qq6*wy*zh68
cni8928932,fcpo
13,61,15,8,2,7,57,56
cuuc*iv*nl*qq6*wy*zh68
cuuc*iv*nl*qq6*wy*zh68,Dead,13#cuuc*iv*nl*qq6*wy*zh68,cuuc*iez*iv*nl*qq6*wy*zh68,61#cuuc*iv*nl*qq6*wy*zh68,cuuc*iez*iv*nl*qq6*wy*zh68,15#cuuc*iv*nl*qq6*wy*zh68,cuuc*iv*nl*qq6*wy*zh68,8#cuuc*iv*nl*qq6*wy*zh68,cuuc*iv*nl*qq6*wy*zh68,2#cuuc*iv*nl*qq6*wy*zh68,cuuc*iez*iv*nl*qq6*wy*zh68,7#cuuc*iv*nl*qq6*wy*zh68,cuuc*iv*nl*qq6*wy*zh68,57#cuuc*iv*nl*qq6*wy*zh68,cuuc*iv*nl*qq6*wy*zh68,56#cuuc*iez*iv*nl*qq6*wy*zh68,Dead,13#cuuc*iez*iv*nl*qq6*wy*zh68,cuuc*iez*iv*nl*qq6*wy*zh68,61#cuuc*iez*iv*nl*qq6*wy*zh68,cuuc*iez*iv*nl*qq6*wy*zh68,15#cuuc*iez*iv*nl*qq6*wy*zh68,cuuc*iv*nl*qq6*wy*zh68,8#cuuc*iez*iv*nl*qq6*wy*zh68,cuuc*iv*nl*qq6*wy*zh68,2#cuuc*iez*iv*nl*qq6*wy*zh68,cuuc*iez*iv*nl*qq6*wy*zh68,7#cuuc*iez*iv*nl*qq6*wy*zh68,cuuc*iv*nl*qq6*wy*zh68,57#cuuc*iez*iv*nl*qq6*wy*zh68,cuuc*iv*nl*qq6*wy*zh68,56#Dead,Dead,13#Dead,Dead,61#Dead,Dead,15#Dead,Dead,8#Dead,Dead,2#Dead,Dead,7#Dead,Dead,57#Dead,Dead,56
2,2,2,15,61,2,57,2,57,2,7,15,7#8,15,61,15,61,61,57,7,56,8,7,61,7,2,61,15,15,57,8,56,15,57#2,56,61,61,15,61,15,57,61,15,7,2,7,56,15,61,61,15#15,57,8,61,61,2#61,57,15,61,61,61,61,8,57,7,15,15,57,61,8,61,61,15,57,61,61,7,15#8,15,8,61,8,7,2,7,56,61,61,2,61,15,2,8,57,61,15,57,8,8,8,2#2,2,8,57#7,61,15,61,61,56,8,56,56,7,57,2,61,15,7,8,61,8,56,61,61,61,2,57#61,7,15,7,61,15,61,15,7,8,7,8,56,61,15,61,2,7,56,2,57,2,2,15#8,2,2,8,61,61,15,57,2,2,61,15,2#61,15,61,15,56,57,61,15,61,61,57,7,15,61,61,61,7,7,61,15,61,61,56,8#61,15,57,56,61,7,61,2,8,15,61,15,7,7,56,61,15,61,56,7,61,61,7,15,57,8,61,15,57,57,7,61,56,8,7,56,15,57,8,57,61
FBDFA constructed
<fcpo,"2,2,2,15,61,2,57,2,57,2,7,15,7">
<cni8928932,"8,15,61,15,61,61,57,7,56,8,7,61,7,2,61,15,15,57,8,56,15,57">
<fcpo,"2,56,61,61,15,61,15,57,61,15,7,2,7,56,15,61,61,15">
<cni8928932,"15,57,8,61,61,2">
<fcpo,"61,57,15,61,61,61,61,8,57,7,15,15,57,61,8,61,61,15,57,61,61,7,15">
<cni8928932,"8,15,8,61,8,7,2,7,56,61,61,2,61,15,2,8,57,61,15,57,8,8,8,2">
<cni8928932,"2,2,8,57">
<cni8928932,"7,61,15,61,61,56,8,56,56,7,57,2,61,15,7,8,61,8,56,61,61,61,2,57">
<fcpo,"61,7,15,7,61,15,61,15,7,8,7,8,56,61,15,61,2,7,56,2,57,2,2,15">
<cni8928932,"8,2,2,8,61,61,15,57,2,2,61,15,2">
<cni8928932,"61,15,61,15,56,57,61,15,61,61,57,7,15,61,61,61,7,7,61,15,61,61,56,8">
<fcpo,"61,15,57,56,61,7,61,2,8,15,61,15,7,7,56,61,15,61,56,7,61,61,7,15,57,8,61,15,57,57,7,61,56,8,7,56,15,57,8,57,61">


