FBNFA constructed
Equivalent FBDFA:
bq,hr23*it22*mf*nni*nt313*pi737*vwf0,bq*gvi*hr23*it22*mf*nni*nt313*vwf0,hr23*it22*mf*nni*nt313*vwf0,gvi*hr23*it22*kkout*mf*nni*nt313*vwf0,hr23*it22*mf*nni*nt313*pi737*vwf0*wvle,it22*nni,gvi*hr23*it22*mf*nni*nt313*vwf0,hr23*it22*kkout*mf*nni*nt313*vwf0,Dead
hr23*it22*mf*nni*nt313*pi737*vwf0,bq*gvi*hr23*it22*mf*nni*nt313*vwf0,hr23*it22*mf*nni*nt313*vwf0,gvi*hr23*it22*kkout*mf*nni*nt313*vwf0,hr23*it22*mf*nni*nt313*pi737*vwf0*wvle,it22*nni,gvi*hr23*it22*mf*nni*nt313*vwf0,hr23*it22*kkout*mf*nni*nt313*vwf0
dnm7241291,dnm7241291,dnm7241291,dnm7241291,dnm7241291,dnm7241291,dnm7241291,dnm7241291
ya,mi,m,q,e,n
bq
bq,Dead,ya#bq,hr23*it22*mf*nni*nt313*pi737*vwf0,mi#bq,bq*gvi*hr23*it22*mf*nni*nt313*vwf0,m#bq,Dead,q#bq,hr23*it22*mf*nni*nt313*vwf0,e#bq,Dead,n#hr23*it22*mf*nni*nt313*pi737*vwf0,Dead,ya#hr23*it22*mf*nni*nt313*pi737*vwf0,hr23*it22*mf*nni*nt313*vwf0,mi#hr23*it22*mf*nni*nt313*pi737*vwf0,gvi*hr23*it22*kkout*mf*nni*nt313*vwf0,m#hr23*it22*mf*nni*nt313*pi737*vwf0,hr23*it22*mf*nni*nt313*vwf0,q#hr23*it22*mf*nni*nt313*pi737*vwf0,hr23*it22*mf*nni*nt313*pi737*vwf0*wvle,e#hr23*it22*mf*nni*nt313*pi737*vwf0,hr23*it22*mf*nni*nt313*vwf0,n#bq*gvi*hr23*it22*mf*nni*nt313*vwf0,Dead,ya#bq*gvi*hr23*it22*mf*nni*nt313*vwf0,hr23*it22*mf*nni*nt313*pi737*vwf0,mi#bq*gvi*hr23*it22*mf*nni*nt313*vwf0,bq*gvi*hr23*it22*mf*nni*nt313*vwf0,m#bq*gvi*hr23*it22*mf*nni*nt313*vwf0,it22*nni,q#bq*gvi*hr23*it22*mf*nni*nt313*vwf0,hr23*it22*mf*nni*nt313*pi737*vwf0*wvle,e#bq*gvi*hr23*it22*mf*nni*nt313*vwf0,hr23*it22*mf*nni*nt313*pi737*vwf0*wvle,n#hr23*it22*mf*nni*nt313*vwf0,Dead,ya#hr23*it22*mf*nni*nt313*vwf0,it22*nni,mi#hr23*it22*mf*nni*nt313*vwf0,gvi*hr23*it22*mf*nni*nt313*vwf0,m#hr23*it22*mf*nni*nt313*vwf0,Dead,q#hr23*it22*mf*nni*nt313*vwf0,hr23*it22*mf*nni*nt313*pi737*vwf0*wvle,e#hr23*it22*mf*nni*nt313*vwf0,hr23*it22*mf*nni*nt313*vwf0,n#gvi*hr23*it22*kkout*mf*nni*nt313*vwf0,Dead,ya#gvi*hr23*it22*kkout*mf*nni*nt313*vwf0,it22*nni,mi#gvi*hr23*it22*kkout*mf*nni*nt313*vwf0,gvi*hr23*it22*mf*nni*nt313*vwf0,m#gvi*hr23*it22*kkout*mf*nni*nt313*vwf0,it22*nni,q#gvi*hr23*it22*kkout*mf*nni*nt313*vwf0,hr23*it22*mf*nni*nt313*pi737*vwf0*wvle,e#gvi*hr23*it22*kkout*mf*nni*nt313*vwf0,hr23*it22*mf*nni*nt313*pi737*vwf0*wvle,n#hr23*it22*mf*nni*nt313*pi737*vwf0*wvle,Dead,ya#hr23*it22*mf*nni*nt313*pi737*vwf0*wvle,hr23*it22*kkout*mf*nni*nt313*vwf0,mi#hr23*it22*mf*nni*nt313*pi737*vwf0*wvle,gvi*hr23*it22*kkout*mf*nni*nt313*vwf0,m#hr23*it22*mf*nni*nt313*pi737*vwf0*wvle,hr23*it22*mf*nni*nt313*vwf0,q#hr23*it22*mf*nni*nt313*pi737*vwf0*wvle,hr23*it22*mf*nni*nt313*pi737*vwf0*wvle,e#hr23*it22*mf*nni*nt313*pi737*vwf0*wvle,hr23*it22*mf*nni*nt313*vwf0,n#it22*nni,Dead,ya#it22*nni,Dead,mi#it22*nni,hr23*it22*mf*nni*nt313*vwf0,m#it22*nni,Dead,q#it22*nni,hr23*it22*mf*nni*nt313*pi737*vwf0*wvle,e#it22*nni,Dead,n#gvi*hr23*it22*mf*nni*nt313*vwf0,Dead,ya#gvi*hr23*it22*mf*nni*nt313*vwf0,it22*nni,mi#gvi*hr23*it22*mf*nni*nt313*vwf0,gvi*hr23*it22*mf*nni*nt313*vwf0,m#gvi*hr23*it22*mf*nni*nt313*vwf0,it22*nni,q#gvi*hr23*it22*mf*nni*nt313*vwf0,hr23*it22*mf*nni*nt313*pi737*vwf0*wvle,e#gvi*hr23*it22*mf*nni*nt313*vwf0,hr23*it22*mf*nni*nt313*pi737*vwf0*wvle,n#hr23*it22*kkout*mf*nni*nt313*vwf0,Dead,ya#hr23*it22*kkout*mf*nni*nt313*vwf0,it22*nni,mi#hr23*it22*kkout*mf*nni*nt313*vwf0,gvi*hr23*it22*mf*nni*nt313*vwf0,m#hr23*it22*kkout*mf*nni*nt313*vwf0,Dead,q#hr23*it22*kkout*mf*nni*nt313*vwf0,hr23*it22*mf*nni*nt313*pi737*vwf0*wvle,e#hr23*it22*kkout*mf*nni*nt313*vwf0,hr23*it22*mf*nni*nt313*vwf0,n#Dead,Dead,ya#Dead,Dead,mi#Dead,Dead,m#Dead,Dead,q#Dead,Dead,e#Dead,Dead,n
mi,mi,m,n,q,e,q,n,mi,q,m,mi,m,m,mi,e,mi,q,q,m,m,m,e,m,mi,mi,m,e,m,m,n,mi,e,e,e,m,n,m,mi,m,mi,m,m,n,q,e,q,n,mi,q,m,mi,m,m,mi,e,mi,q,q,m,m,m,e,m,mi,mi,m,e,m,m,n,mi,e,e,e,m,n,m,m,mi,mi,m,mi,n,mi,m,mi,q,e,m,m,m,n,q,e,q,n,mi,q,m,mi,m,m,mi,e,mi,q,q,m,m,m,e,m,mi,mi,m,e,m,m,n,mi,e,e,e,m,n,m,m,mi,mi,n#mi,n,mi,n,mi,mi,m,mi,e,m,mi,mi,n#mi,e,mi,n,m,mi#mi,q,mi,n,mi,q,mi,e,m,m,mi,m,mi,m,m,mi,m,m#mi,n,m,m#mi,n,mi,n,mi,m,m,m#mi,n,mi,m,mi,n,mi,n,mi,m,m,mi,m,m,mi,n,m,m,m,m,mi,m,m,m,mi,m,mi,n,mi,e,m,m,mi#mi,n,m,mi,mi,n,mi,m,e,mi,n,mi,n,mi,m,mi,n,mi,m,mi,n,e,mi,n,mi,q,mi,e,m,m,mi,m,mi,q#mi,n,mi,m,mi,m,mi,m,mi,m,mi,m,mi,n,mi,m#m,m,m,mi,mi,mi,m,mi,e,e,m,m,mi,m,mi,m,m,mi,e,e,m,m,mi,e,mi,m#mi,m,mi,m,mi,n,m,m,m,m,mi,m,m,m,mi,n,e,mi,m,m,m#m,m,mi,n,mi,m,m,mi,mi,mi,mi,e,m,mi,m,m,e,m,m,mi,m,mi,n,e,m,m,m,mi,mi,m#mi,n,m,mi,m,m,mi,m,mi,n,m,mi,mi,q,mi,n,mi,mi#mi,mi,m,mi,e,m,mi,mi,n,mi,m,mi,m,mi,n,mi,n,m,mi,m,m#mi,n,e,mi,n,mi,n,mi,m,mi,n,m,mi,m,mi,mi,q,mi,q,mi,n,mi,m,mi,m,m,mi,m,mi,m#m,mi,mi,n,mi,n,mi,n,e,mi,n,e,mi,n,mi,n,mi,m,mi,m,mi,n,e,mi,mi,m,m#m,n,q,e,q,n,mi,q,m,mi,m,m,mi,e,mi,q,q,m,m,m,e,m,mi,mi,m,e,m,m,n,mi,e,e,e,m,n,m,mi,e,e,mi,n,m,mi#mi,m,m,m,mi,n,mi,q,m,m,mi,q,m,mi,mi,m,mi#m,mi,m,mi,m,mi,mi,m,e,mi,n,mi,n,mi,m,mi,m,m,mi,mi,q#mi,mi,m,m,m,mi,n,mi,n,mi,m,m,m,mi,n,m,mi,e,mi,m,mi,m,mi,m,mi,n,mi,m,mi,mi,m,mi#m,m,m,mi,mi,m,m,m,e,mi,m,mi,mi,mi,m,mi,m,m,mi,mi,m,mi,m,mi,n,mi,m,mi,n,m,mi,mi,m#m,mi,mi,n,mi,n,mi,q,mi,n,mi,m,mi,n,mi,m,m,m,mi,mi,mi,n,m,m,e,mi,m,m,mi,mi,m#m,mi,mi,n,m,m#mi,n,m,m,mi,m,mi,m,mi,m,mi,m#mi,n,e,m,m,m,n,q,e,q,n,mi,q,m,mi,m,m,mi,e,mi,q,q,m,m,m,e,m,mi,mi,m,e,m,m,n,mi,e,e,e,m,n,m,m,n,q,e,q,n,mi,q,m,mi,m,m,mi,e,mi,q,q,m,m,m,e,m,mi,mi,m,e,m,m,n,mi,e,e,e,m,n,m,e,mi,m,e,m,mi,mi,m,mi,q,m,mi,m,m,m,m,mi,m,m,m,mi,e,m,mi,n,mi,m,m,mi#m,mi,mi,mi,e,mi,e,mi,n,mi,m,m,mi,mi,m,m,m,m,m,mi,n#mi,n,mi,q,m,mi,m,mi,mi,m,mi,m,m,mi,mi,m,mi,mi,m,m#e,e,e,m,m,mi,q,mi,m,m,m,mi,q,mi,m,mi,m,mi,m,e,m,m,mi,q,m,m,mi,mi,n,m,m,mi,n,mi,e,mi,n#mi,n,mi,n,m,m,e,m,m,mi,n,m,mi,e,m,n,q,e,q,n,mi,q,m,mi,m,m,mi,e,mi,q,q,m,m,m,e,m,mi,mi,m,e,m,m,n,mi,e,e,e,m,n,m,m,m,mi,q,m,m,m,m,mi,m,m,mi,m,mi,e,mi,n,mi,n#e,mi,mi,m,m,mi,m,mi,n,m,mi,mi,n,m,mi,e,m,mi,m,m,mi,m,mi,m,m,mi,mi,n#mi,n,mi,m,mi,mi,mi,q,mi,e,mi,m,e,m,n,q,e,q,n,mi,q,m,mi,m,m,mi,e,mi,q,q,m,m,m,e,m,mi,mi,m,e,m,m,n,mi,e,e,e,m,n,m,m,m#m,m,mi,n,m,mi,n,e,mi,n,mi,m,mi,m,m,m,mi,n,mi,m,mi,n,mi,m,mi,m,mi,m,m,m,mi,m,mi,mi,mi,m,m,mi,mi,m#mi,q,m,m,m,mi,e,mi,n,mi,q,m,m,mi,n,m,mi,n,mi,m,m,m,m,m,m,m,mi,m
FBDFA constructed
<dnm7241291,"mi,mi,m,n,q,e,q,n,mi"><Error,"q,m,mi,m,m,mi,e,mi,q,q,m,m,m,e,m,mi,mi,m,e,m,m,n,mi,e,e,e,m,n,m,mi,m,mi,m,m,n,q,e,q,n,mi,q,m,mi,m,m,mi,e,mi,q,q,m,m,m,e,m,mi,mi,m,e,m,m,n,mi,e,e,e,m,n,m,m,mi,mi,m,mi,n,mi,m,mi,q,e,m,m,m,n,q,e,q,n,mi,q,m,mi,m,m,mi,e,mi,q,q,m,m,m,e,m,mi,mi,m,e,m,m,n,mi,e,e,e,m,n,m,m,mi,mi,n">
<dnm7241291,"mi,n,mi"><Error,"n,mi,mi,m,mi,e,m,mi,mi,n">
<dnm7241291,"mi,e,mi,n,m,mi">
<dnm7241291,"mi,q,mi"><Error,"n,mi,q,mi,e,m,m,mi,m,mi,m,m,mi,m,m">
<dnm7241291,"mi,n,m,m">
<dnm7241291,"mi,n,mi"><Error,"n,mi,m,m,m">
<dnm7241291,"mi,n,mi,m,mi"><Error,"n,mi,n,mi,m,m,mi,m,m,mi,n,m,m,m,m,mi,m,m,m,mi,m,mi,n,mi,e,m,m,mi">
<dnm7241291,"mi,n,m,mi"><dnm7241291,"mi,n,mi,m,e,mi,n,mi"><Error,"n,mi,m,mi,n,mi,m,mi,n,e,mi,n,mi,q,mi,e,m,m,mi,m,mi,q">
<dnm7241291,"mi,n,mi,m,mi,m,mi,m,mi,m,mi,m,mi"><Error,"n,mi,m">
<dnm7241291,"m,m,m,mi,mi,mi,m,mi,e,e,m,m,mi,m,mi,m,m,mi,e,e,m,m,mi,e,mi,m">
<dnm7241291,"mi,m,mi,m,mi"><Error,"n,m,m,m,m,mi,m,m,m,mi,n,e,mi,m,m,m">
<dnm7241291,"m,m,mi,n,mi,m,m,mi"><dnm7241291,"mi,mi,mi,e,m,mi,m,m,e,m,m,mi,m,mi"><Error,"n,e,m,m,m,mi,mi,m">
<dnm7241291,"mi,n,m,mi,m,m,mi,m,mi"><Error,"n,m,mi,mi,q,mi,n,mi,mi">
<dnm7241291,"mi,mi,m,mi,e,m,mi"><dnm7241291,"mi,n,mi,m,mi,m,mi"><Error,"n,mi,n,m,mi,m,m">
<dnm7241291,"mi,n,e,mi,n,mi"><Error,"n,mi,m,mi,n,m,mi,m,mi,mi,q,mi,q,mi,n,mi,m,mi,m,m,mi,m,mi,m">
<dnm7241291,"m,mi,mi,n,mi"><Error,"n,mi,n,e,mi,n,e,mi,n,mi,n,mi,m,mi,m,mi,n,e,mi,mi,m,m">
<dnm7241291,"m,n,q,e,q,n,mi"><Error,"q,m,mi,m,m,mi,e,mi,q,q,m,m,m,e,m,mi,mi,m,e,m,m,n,mi,e,e,e,m,n,m,mi,e,e,mi,n,m,mi">
<dnm7241291,"mi,m,m,m,mi"><Error,"n,mi,q,m,m,mi,q,m,mi,mi,m,mi">
<dnm7241291,"m,mi,m,mi,m,mi"><dnm7241291,"mi,m,e,mi,n,mi"><Error,"n,mi,m,mi,m,m,mi,mi,q">
<dnm7241291,"mi,mi,m,m,m,mi"><Error,"n,mi,n,mi,m,m,m,mi,n,m,mi,e,mi,m,mi,m,mi,m,mi,n,mi,m,mi,mi,m,mi">
<dnm7241291,"m,m,m,mi,mi,m,m,m,e,mi,m,mi"><dnm7241291,"mi,mi,m,mi,m,m,mi"><dnm7241291,"mi,m,mi,m,mi"><Error,"n,mi,m,mi,n,m,mi,mi,m">
<dnm7241291,"m,mi,mi,n,mi"><Error,"n,mi,q,mi,n,mi,m,mi,n,mi,m,m,m,mi,mi,mi,n,m,m,e,mi,m,m,mi,mi,m">
<dnm7241291,"m,mi,mi,n,m,m">
<dnm7241291,"mi,n,m,m,mi,m,mi,m,mi,m,mi,m">
<dnm7241291,"mi,n,e,m,m,m,n,q,e,q,n,mi"><Error,"q,m,mi,m,m,mi,e,mi,q,q,m,m,m,e,m,mi,mi,m,e,m,m,n,mi,e,e,e,m,n,m,m,n,q,e,q,n,mi,q,m,mi,m,m,mi,e,mi,q,q,m,m,m,e,m,mi,mi,m,e,m,m,n,mi,e,e,e,m,n,m,e,mi,m,e,m,mi,mi,m,mi,q,m,mi,m,m,m,m,mi,m,m,m,mi,e,m,mi,n,mi,m,m,mi">
<dnm7241291,"m,mi,mi,mi,e,mi,e,mi,n,mi,m,m,mi"><dnm7241291,"mi,m,m,m,m,m,mi"><Error,"n">
<dnm7241291,"mi,n,mi"><Error,"q,m,mi,m,mi,mi,m,mi,m,m,mi,mi,m,mi,mi,m,m">
<dnm7241291,"e,e,e,m,m,mi"><Error,"q,mi,m,m,m,mi,q,mi,m,mi,m,mi,m,e,m,m,mi,q,m,m,mi,mi,n,m,m,mi,n,mi,e,mi,n">
<dnm7241291,"mi,n,mi"><Error,"n,m,m,e,m,m,mi,n,m,mi,e,m,n,q,e,q,n,mi,q,m,mi,m,m,mi,e,mi,q,q,m,m,m,e,m,mi,mi,m,e,m,m,n,mi,e,e,e,m,n,m,m,m,mi,q,m,m,m,m,mi,m,m,mi,m,mi,e,mi,n,mi,n">
<dnm7241291,"e,mi"><dnm7241291,"mi,m,m,mi,m,mi"><Error,"n,m,mi,mi,n,m,mi,e,m,mi,m,m,mi,m,mi,m,m,mi,mi,n">
<dnm7241291,"mi,n,mi,m,mi"><dnm7241291,"mi,mi"><Error,"q,mi,e,mi,m,e,m,n,q,e,q,n,mi,q,m,mi,m,m,mi,e,mi,q,q,m,m,m,e,m,mi,mi,m,e,m,m,n,mi,e,e,e,m,n,m,m,m">
<dnm7241291,"m,m,mi,n,m,mi"><Error,"n,e,mi,n,mi,m,mi,m,m,m,mi,n,mi,m,mi,n,mi,m,mi,m,mi,m,m,m,mi,m,mi,mi,mi,m,m,mi,mi,m">
<dnm7241291,"mi,q,m,m,m,mi,e,mi,n,mi"><Error,"q,m,m,mi,n,m,mi,n,mi,m,m,m,m,m,m,m,mi,m">


