FBNFA constructed
Equivalent FBDFA:
cm*el1*hei*nw7*osu,cm*nw7*rfb,nw7,hei*nw7,cm*nw7,Dead
cm*el1*hei*nw7*osu,cm*nw7*rfb,nw7,hei*nw7,cm*nw7
wj960,kpuk10,ftk6,ftk6,ftk6
bd,kv,nq,f,i,yw
cm*el1*hei*nw7*osu
cm*el1*hei*nw7*osu,Dead,bd#cm*el1*hei*nw7*osu,Dead,kv#cm*el1*hei*nw7*osu,Dead,nq#cm*el1*hei*nw7*osu,cm*nw7*rfb,f#cm*el1*hei*nw7*osu,nw7,i#cm*el1*hei*nw7*osu,cm*el1*hei*nw7*osu,yw#cm*nw7*rfb,Dead,bd#cm*nw7*rfb,hei*nw7,kv#cm*nw7*rfb,hei*nw7,nq#cm*nw7*rfb,cm*nw7,f#cm*nw7*rfb,nw7,i#cm*nw7*rfb,Dead,yw#nw7,Dead,bd#nw7,Dead,kv#nw7,Dead,nq#nw7,Dead,f#nw7,nw7,i#nw7,Dead,yw#hei*nw7,Dead,bd#hei*nw7,Dead,kv#hei*nw7,Dead,nq#hei*nw7,nw7,f#hei*nw7,nw7,i#hei*nw7,cm*el1*hei*nw7*osu,yw#cm*nw7,Dead,bd#cm*nw7,Dead,kv#cm*nw7,Dead,nq#cm*nw7,cm*nw7,f#cm*nw7,nw7,i#cm*nw7,Dead,yw#Dead,Dead,bd#Dead,Dead,kv#Dead,Dead,nq#Dead,Dead,f#Dead,Dead,i#Dead,Dead,yw
f,nq,yw,i,f,nq,f,nq,f,f,yw,i,i,yw,f,nq,f,nq#f,f,yw,f,nq,f,i,yw,i,i,f,kv,yw#yw,f,f,f,nq,f,nq,yw,f,nq,f,nq,f,f,nq,f,kv,f,i,i,nq,f,f,f,f,i,f,i,f,yw,nq,kv,kv,kv,i,nq,nq,f,i,yw,f,nq,f,f,kv,f,nq,i,i,i#f,nq,nq,f,f,f,f,i,f,i,f,yw,nq,kv,kv,kv,i,nq,nq,f,yw#f,kv,yw#i,i,f,kv#yw,nq,f,f,f,f,i,f,i,f,yw,nq,kv,kv,kv,i,nq,nq,f,yw,f,f,yw,f,f,nq,f,nq,nq,f,f,f,f,i,f,i,f,yw,nq,kv,kv,kv,i,nq,nq,f,f,f,f,f,kv,yw,f,f,yw,f,kv,yw,nq,f,f,f,f,i,f,i,f,yw,nq,kv,kv,kv,i,nq,nq,f#f,f,f,kv,f#f,nq,f,nq,f,f,f,f,i,i,i,f,f,f,kv,yw,i#f,nq,yw,yw,f#nq,f,f,f,f,i,f,i,f,yw,nq,kv,kv,kv,i,nq,nq,f,f,f,f,nq,i,i,yw,f,i,i#f,f,i,f,nq,f,nq,i,i,i,f,kv,i,i,yw,f,f,nq,f,f,yw,i,f,kv,yw#f,kv,i,i,f,nq,yw,yw,f,f,nq,yw,i,i,i,i,yw,yw,f,yw,f,nq,f,f,f,kv,yw,i#i,i,f,f,f,f,f,f,i,i,f,kv,f,f,i,f,f,nq,f,f,f,f,i,f,i,f,yw,nq,kv,kv,kv,i,nq,nq,f#f,i,i,f,kv#i,f,kv,f,f,nq,f,f,f,f,i,f,i,f,yw,nq,kv,kv,kv,i,nq,nq,f#nq,f,f,f,f,i,f,i,f,yw,nq,kv,kv,kv,i,nq,nq,f,f,f,f,f,f,nq,f,f,f,f,i,f,i,f,yw,nq,kv,kv,kv,i,nq,nq,f,yw,f,f,nq,f,f,f,f,i,f,i,f,yw,nq,kv,kv,kv,i,nq,nq,f,f,f,yw,f,nq#nq,f,f,f,f,i,f,i,f,yw,nq,kv,kv,kv,i,nq,nq,f,i,yw,f,nq,yw,f,kv,f,f,i,i,i,yw,f,yw,yw,i,nq,f,f,f,f,i,f,i,f,yw,nq,kv,kv,kv,i,nq,nq,f#i,i,f,i,f,f,nq#yw,f,f,nq,f,f,f,kv,i,f,f,f,nq,f,nq#yw,f,kv,f,f,f,nq,f,f,f,f,nq,i,i,f,f,i,i,f,kv,f,nq,f,yw,f,f,f,f,kv#f,nq,f,f,kv,f,f,kv,i,yw,i,i,i,f,f,nq,f,nq,yw,f,f#i,f,i,yw,f,kv,f,kv#yw,f,nq,i,i,f,nq,f,nq,yw,f,i,yw,f,kv,f,f,nq,i,i,f,f,yw,f,f,f,f,f,kv#f,kv,yw,f,f,f#yw,i,i,f,kv,f,i,f,nq,yw,f,nq,f,f,f,f,i,f,i,f,yw,nq,kv,kv,kv,i,nq,nq,f,f,kv,f,i,i,f,f,f,f,f,kv,yw,f,i,f,f,yw#yw,f,i,i,i,f,f,f,kv,f,nq,nq,f,f,f,f,i,f,i,f,yw,nq,kv,kv,kv,i,nq,nq,f,yw,f,kv,f,f,f,nq,yw,yw,f,f,yw#yw,f,yw#f,nq,f,nq,f,f,yw,yw,f,nq,yw,f,f,f,nq,f,f,f,yw,f,f,f#f,f,nq,f,nq,yw,f,f,kv,f,f,f,f,f,yw,i,i,f,yw,i,yw,i,f,i,f,kv,f,kv,f,f,i#f,nq,yw,yw,f,nq,f,f,yw,yw,yw,i,i,i,i,f,nq,f,nq,f,kv,f,f,f,nq,yw,f,yw,f,kv#f,nq,i,i,f,f,i,i,yw,f,nq,f,f,i,i,i,i,i,yw,yw,yw,i,i,f,f,f,kv#f,f,kv,i,i,f,kv,yw,f,yw,f,i,i,f,yw,f,yw,f,f,nq,yw,f,f,f#i,i,yw,f,f,f,nq,f,nq,f,yw#i,yw,i,i,yw,f,f,nq,f,f,f,f,i,f,i,f,yw,nq,kv,kv,kv,i,nq,nq,f,f,f,yw,f,nq,f,f#yw,f#f,f,i,i,i,i,f#f,nq,f,f,f,kv,i,i,yw,yw,f#f,f,f,i,f,nq,f,f#yw,f,f,i,f,kv,yw,f,f,i,i,i,f,nq,i,yw,f,f,f,kv,yw,i,i,f,f,f,f,yw,nq,f,f,f,f,i,f,i,f,yw,nq,kv,kv,kv,i,nq,nq,f,nq,f,f,f,f,i,f,i,f,yw,nq,kv,kv,kv,i,nq,nq,f,f,f#f,f,yw,yw,i,i,i,i,f,kv,nq,f,f,f,f,i,f,i,f,yw,nq,kv,kv,kv,i,nq,nq,f,i,i,yw,yw,f,f,f,f,f,f,kv,yw,i,i#f,kv,nq,f,f,f,f,i,f,i,f,yw,nq,kv,kv,kv,i,nq,nq,f,f,i,i,i,yw,yw,f,i,i,f,kv,f,kv,f,f,f,f,f,f,f,f,f,yw,i,i#f,f,f,nq,f,nq,f,yw,f,yw,f,i,i,f,i,i,f,i,f,kv,nq,f,f,f,f,i,f,i,f,yw,nq,kv,kv,kv,i,nq,nq,f,f,f,f,kv,f,f,yw#i,yw,i,i,f,kv,f,kv,i,i,f,kv,f,f,f,f,i,i,f,nq,i,f,kv,f,f,kv,f,kv,yw,i,yw,yw,yw
FBDFA constructed
<ftk6,"f,nq,yw,i"><ftk6,"f,nq,f"><Error,"nq,f,f,yw,i,i,yw,f,nq,f,nq">
<ftk6,"f,f"><ftk6,"yw,f,nq,f,i"><ftk6,"yw,i,i"><wj960,"f,kv,yw">
<ftk6,"yw,f,f,f"><Error,"nq,f,nq,yw,f,nq,f,nq,f,f,nq,f,kv,f,i,i,nq,f,f,f,f,i,f,i,f,yw,nq,kv,kv,kv,i,nq,nq,f,i,yw,f,nq,f,f,kv,f,nq,i,i,i">
<ftk6,"f,nq"><Error,"nq,f,f,f,f,i,f,i,f,yw,nq,kv,kv,kv,i,nq,nq,f,yw">
<wj960,"f,kv,yw">
<ftk6,"i,i"><ftk6,"f,kv">
<Error,"yw,nq,f,f,f,f,i,f,i,f,yw,nq,kv,kv,kv,i,nq,nq,f,yw,f,f,yw,f,f,nq,f,nq,nq,f,f,f,f,i,f,i,f,yw,nq,kv,kv,kv,i,nq,nq,f,f,f,f,f,kv,yw,f,f,yw,f,kv,yw,nq,f,f,f,f,i,f,i,f,yw,nq,kv,kv,kv,i,nq,nq,f">
<ftk6,"f,f,f"><Error,"kv,f">
<ftk6,"f,nq,f"><Error,"nq,f,f,f,f,i,i,i,f,f,f,kv,yw,i">
<kpuk10,"f,nq,yw,yw,f">
<Error,"nq,f,f,f,f,i,f,i,f,yw,nq,kv,kv,kv,i,nq,nq,f,f,f,f,nq,i,i,yw,f,i,i">
<ftk6,"f,f,i"><ftk6,"f,nq,f"><Error,"nq,i,i,i,f,kv,i,i,yw,f,f,nq,f,f,yw,i,f,kv,yw">
<ftk6,"f,kv,i,i"><ftk6,"f,nq,yw,yw,f,f"><Error,"nq,yw,i,i,i,i,yw,yw,f,yw,f,nq,f,f,f,kv,yw,i">
<ftk6,"i,i"><ftk6,"f,f,f,f,f,f,i,i"><ftk6,"f,kv,f"><ftk6,"f,i"><ftk6,"f,f"><Error,"nq,f,f,f,f,i,f,i,f,yw,nq,kv,kv,kv,i,nq,nq,f">
<ftk6,"f,i,i"><ftk6,"f,kv">
<Error,"i,f,kv,f,f,nq,f,f,f,f,i,f,i,f,yw,nq,kv,kv,kv,i,nq,nq,f">
<Error,"nq,f,f,f,f,i,f,i,f,yw,nq,kv,kv,kv,i,nq,nq,f,f,f,f,f,f,nq,f,f,f,f,i,f,i,f,yw,nq,kv,kv,kv,i,nq,nq,f,yw,f,f,nq,f,f,f,f,i,f,i,f,yw,nq,kv,kv,kv,i,nq,nq,f,f,f,yw,f,nq">
<Error,"nq,f,f,f,f,i,f,i,f,yw,nq,kv,kv,kv,i,nq,nq,f,i,yw,f,nq,yw,f,kv,f,f,i,i,i,yw,f,yw,yw,i,nq,f,f,f,f,i,f,i,f,yw,nq,kv,kv,kv,i,nq,nq,f">
<ftk6,"i,i"><ftk6,"f,i"><ftk6,"f,f"><Error,"nq">
<ftk6,"yw,f,f"><Error,"nq,f,f,f,kv,i,f,f,f,nq,f,nq">
<ftk6,"yw,f,kv,f"><ftk6,"f,f"><Error,"nq,f,f,f,f,nq,i,i,f,f,i,i,f,kv,f,nq,f,yw,f,f,f,f,kv">
<ftk6,"f,nq,f"><ftk6,"f,kv,f"><ftk6,"f,kv,i"><ftk6,"yw,i,i,i"><ftk6,"f,f"><Error,"nq,f,nq,yw,f,f">
<Error,"i,f,i,yw,f,kv,f,kv">
<ftk6,"yw,f,nq,i,i"><ftk6,"f,nq,f"><Error,"nq,yw,f,i,yw,f,kv,f,f,nq,i,i,f,f,yw,f,f,f,f,f,kv">
<ftk6,"f,kv,yw,f,f,f">
<ftk6,"yw,i,i"><ftk6,"f,kv,f,i"><ftk6,"f,nq,yw,f,nq,f"><ftk6,"f,f,f,i"><ftk6,"f,i"><kpuk10,"f"><wj960,"yw"><Error,"nq,kv,kv,kv,i,nq,nq,f,f,kv,f,i,i,f,f,f,f,f,kv,yw,f,i,f,f,yw">
<ftk6,"yw,f,i,i,i"><ftk6,"f,f,f"><Error,"kv,f,nq,nq,f,f,f,f,i,f,i,f,yw,nq,kv,kv,kv,i,nq,nq,f,yw,f,kv,f,f,f,nq,yw,yw,f,f,yw">
<kpuk10,"yw,f"><wj960,"yw">
<ftk6,"f,nq,f"><Error,"nq,f,f,yw,yw,f,nq,yw,f,f,f,nq,f,f,f,yw,f,f,f">
<ftk6,"f,f"><Error,"nq,f,nq,yw,f,f,kv,f,f,f,f,f,yw,i,i,f,yw,i,yw,i,f,i,f,kv,f,kv,f,f,i">
<ftk6,"f,nq,yw,yw,f,nq,f"><kpuk10,"f"><ftk6,"yw,yw,yw,i,i,i,i"><ftk6,"f,nq,f"><Error,"nq,f,kv,f,f,f,nq,yw,f,yw,f,kv">
<ftk6,"f,nq,i,i"><ftk6,"f,f,i,i"><ftk6,"yw,f,nq,f"><ftk6,"f,i,i,i,i,i"><ftk6,"yw,yw,yw,i,i"><ftk6,"f,f,f"><Error,"kv">
<ftk6,"f,f"><Error,"kv,i,i,f,kv,yw,f,yw,f,i,i,f,yw,f,yw,f,f,nq,yw,f,f,f">
<ftk6,"i,i"><ftk6,"yw,f,f,f"><Error,"nq,f,nq,f,yw">
<Error,"i,yw,i,i,yw,f,f,nq,f,f,f,f,i,f,i,f,yw,nq,kv,kv,kv,i,nq,nq,f,f,f,yw,f,nq,f,f">
<kpuk10,"yw,f">
<ftk6,"f,f,i,i,i,i"><kpuk10,"f">
<ftk6,"f,nq,f"><ftk6,"f,f"><Error,"kv,i,i,yw,yw,f">
<ftk6,"f,f,f,i"><ftk6,"f,nq,f"><kpuk10,"f">
<ftk6,"yw,f,f,i"><ftk6,"f,kv,yw,f,f,i,i,i"><ftk6,"f,nq,i"><ftk6,"yw,f,f,f"><Error,"kv,yw,i,i,f,f,f,f,yw,nq,f,f,f,f,i,f,i,f,yw,nq,kv,kv,kv,i,nq,nq,f,nq,f,f,f,f,i,f,i,f,yw,nq,kv,kv,kv,i,nq,nq,f,f,f">
<ftk6,"f,f"><ftk6,"yw,yw,i,i,i,i"><ftk6,"f,kv"><Error,"nq,f,f,f,f,i,f,i,f,yw,nq,kv,kv,kv,i,nq,nq,f,i,i,yw,yw,f,f,f,f,f,f,kv,yw,i,i">
<ftk6,"f,kv"><Error,"nq,f,f,f,f,i,f,i,f,yw,nq,kv,kv,kv,i,nq,nq,f,f,i,i,i,yw,yw,f,i,i,f,kv,f,kv,f,f,f,f,f,f,f,f,f,yw,i,i">
<ftk6,"f,f,f"><Error,"nq,f,nq,f,yw,f,yw,f,i,i,f,i,i,f,i,f,kv,nq,f,f,f,f,i,f,i,f,yw,nq,kv,kv,kv,i,nq,nq,f,f,f,f,kv,f,f,yw">
<Error,"i,yw,i,i,f,kv,f,kv,i,i,f,kv,f,f,f,f,i,i,f,nq,i,f,kv,f,f,kv,f,kv,yw,i,yw,yw,yw">


