FBNFA constructed
Equivalent FBDFA:
bj,bj*yh42,bj*dzsfy*yh42,bj*dzsfy*kr57*qv7*wub*yh42,bj*dzsfy*qv7*yh42,bj*dzsfy,dzsfy*qv7,dzsfy,dzsfy*kr57*qv7*wub,bj*dzsfy*qv7,Dead
bj,bj*yh42,bj*dzsfy*yh42,bj*dzsfy*kr57*qv7*wub*yh42,bj*dzsfy*qv7*yh42,bj*dzsfy,dzsfy*qv7,dzsfy,dzsfy*kr57*qv7*wub,bj*dzsfy*qv7
dcs56090,dcs56090,dcs56090,dcs56090,dcs56090,dcs56090,eap88,oyj,eap88,dcs56090
9,5,2,91,82,92,53,36
bj
bj,Dead,9#bj,Dead,5#bj,Dead,2#bj,bj*yh42,91#bj,Dead,82#bj,Dead,92#bj,Dead,53#bj,Dead,36#bj*yh42,Dead,9#bj*yh42,Dead,5#bj*yh42,bj*dzsfy*yh42,2#bj*yh42,bj*yh42,91#bj*yh42,bj*yh42,82#bj*yh42,Dead,92#bj*yh42,Dead,53#bj*yh42,Dead,36#bj*dzsfy*yh42,Dead,9#bj*dzsfy*yh42,Dead,5#bj*dzsfy*yh42,bj*dzsfy*yh42,2#bj*dzsfy*yh42,bj*dzsfy*kr57*qv7*wub*yh42,91#bj*dzsfy*yh42,bj*dzsfy*qv7*yh42,82#bj*dzsfy*yh42,Dead,92#bj*dzsfy*yh42,Dead,53#bj*dzsfy*yh42,Dead,36#bj*dzsfy*kr57*qv7*wub*yh42,Dead,9#bj*dzsfy*kr57*qv7*wub*yh42,Dead,5#bj*dzsfy*kr57*qv7*wub*yh42,bj*dzsfy*yh42,2#bj*dzsfy*kr57*qv7*wub*yh42,bj*dzsfy*kr57*qv7*wub*yh42,91#bj*dzsfy*kr57*qv7*wub*yh42,bj*dzsfy*qv7*yh42,82#bj*dzsfy*kr57*qv7*wub*yh42,bj*dzsfy,92#bj*dzsfy*kr57*qv7*wub*yh42,dzsfy*qv7,53#bj*dzsfy*kr57*qv7*wub*yh42,Dead,36#bj*dzsfy*qv7*yh42,Dead,9#bj*dzsfy*qv7*yh42,Dead,5#bj*dzsfy*qv7*yh42,bj*dzsfy*yh42,2#bj*dzsfy*qv7*yh42,bj*dzsfy*kr57*qv7*wub*yh42,91#bj*dzsfy*qv7*yh42,bj*dzsfy*qv7*yh42,82#bj*dzsfy*qv7*yh42,dzsfy,92#bj*dzsfy*qv7*yh42,Dead,53#bj*dzsfy*qv7*yh42,Dead,36#bj*dzsfy,Dead,9#bj*dzsfy,Dead,5#bj*dzsfy,Dead,2#bj*dzsfy,bj*dzsfy*kr57*qv7*wub*yh42,91#bj*dzsfy,dzsfy*qv7,82#bj*dzsfy,Dead,92#bj*dzsfy,Dead,53#bj*dzsfy,Dead,36#dzsfy*qv7,Dead,9#dzsfy*qv7,Dead,5#dzsfy*qv7,Dead,2#dzsfy*qv7,dzsfy*kr57*qv7*wub,91#dzsfy*qv7,bj*dzsfy*qv7,82#dzsfy*qv7,dzsfy,92#dzsfy*qv7,Dead,53#dzsfy*qv7,Dead,36#dzsfy,Dead,9#dzsfy,Dead,5#dzsfy,Dead,2#dzsfy,dzsfy*kr57*qv7*wub,91#dzsfy,dzsfy*qv7,82#dzsfy,Dead,92#dzsfy,Dead,53#dzsfy,Dead,36#dzsfy*kr57*qv7*wub,Dead,9#dzsfy*kr57*qv7*wub,Dead,5#dzsfy*kr57*qv7*wub,bj*yh42,2#dzsfy*kr57*qv7*wub,dzsfy*kr57*qv7*wub,91#dzsfy*kr57*qv7*wub,bj*dzsfy*qv7,82#dzsfy*kr57*qv7*wub,bj*dzsfy,92#dzsfy*kr57*qv7*wub,dzsfy*qv7,53#dzsfy*kr57*qv7*wub,Dead,36#bj*dzsfy*qv7,Dead,9#bj*dzsfy*qv7,Dead,5#bj*dzsfy*qv7,Dead,2#bj*dzsfy*qv7,bj*dzsfy*kr57*qv7*wub*yh42,91#bj*dzsfy*qv7,bj*dzsfy*qv7,82#bj*dzsfy*qv7,dzsfy,92#bj*dzsfy*qv7,Dead,53#bj*dzsfy*qv7,Dead,36#Dead,Dead,9#Dead,Dead,5#Dead,Dead,2#Dead,Dead,91#Dead,Dead,82#Dead,Dead,92#Dead,Dead,53#Dead,Dead,36
91,2,91,91,2,91,91,2,91,91,91,91,91,91,91,2,91,2,91,91,2,2,91,2,82,91,2,91,82,91,91,91,91,2,36,91,2#91,91,91,91,91,2,91,91,2,91,91,2,91,2,91,2,91,2,82,2,36,2,36,91,82,91,2,82#91,82,91,91,2,91,2,91,91,2,82,91,2,91,2,91,2,82,91,2,91#2,36,91,2,2,91,91,91,91,2,91,2,82,91,91,91,91,91,2,91,2,91,91,91,91,2,36,2,36,91,91,91,91,91,2,91,91,91,91,91,2,82,91,91,91,91,91,91,2#91,91,2,91,2,2,91,2,2,91,2,91,91,2,91,2,91,91,2,91,91,2,82,91,91,91,91,91,91,91,91,2,36,91,2,91,91,82,91,91,91,91,2,91,2,82,91,2,91#91,91,91,91,91,91,91,91,91,91,2,91,82,91,2,91,82,91,91,2,91,91,2,82,91,82,91,91,91,91,91,2,91,91,91,2,82,91,91,2#91,82,91,91,2,91,2,91,2,91,2,91,2,2,91,2,91,91,2,91,91,2,91,2,91#2,36,91,2,82,91,91,2,91,91,91,91#91,2,91,2,2,91,2,91,91,91#91,91,2,91,91,2,91,91,2,91,91,2,2,36,91,91,91,91,2,91,91,91,91,91,82,91,91,2,91,2,91,2,91,2,36,91,2,91,2,36,91,91,91,2#91,2,91,2,82,91,2,91,2,91,91,91,91,91,2,91,91,2,82,91,91,2,91,2#91,91,2,91,82,91,2,91,91,2,91,91,2,91,91,2,91,91,2,91,82,91,91,91,91,2,91,82,91,91,91,2,91,2,82,91,91,2#91,2,82,91,91,82,91,91,2,82,91,91,2,91,2,91#91,91,91,91,2#91,91,2,91,2,82,91,91,91,91,91,91,91,2,91,91,2,91,82,91,2,91,91,2,91,2,2,91,91,2,91,2,82,91,91,91,91,2,91,91,91#91,91,91,91,2,91,91,2,82,91,2,91,82,91,91,91,91,91,91,2,91,2,91,91,2,91,82,91,91,91,91,91,91,2#91,2,91,82,91,2,91,91,82#91,2,91,91,2,91,2,91,2,91,91,91,91,91,91,91,82,91,91,2,91,91,91,91,2,91,82,91,2,91,91,2,2#91,91,91,91,2,2,91,2,91,2,2,91,91,91,91,91,91,2,91,2,2,36,91,91,2,91,91,2#91,91,2,91,2,91,91,2,91,91,2,91,82,91,82,91,91,2,91,91,91,91,82,91,91,2,91,91,2,2,91,91,91,91,91,2,91,91,91#91,2,91,91,2#91,2,91,91,2,91,2,91,91,2,91,91,91,91,91,91,91,91,91,2,91,2,91,91,2,82,91,2,91,2,82,91,91,91,91,2#91,91,2,91,2,91,91,91,91,2,82,91,91,2,91,91,91,2,36#91,2,82,91,91,91,2,91,91,2,91,2,2,91,91,91,91,91,2#91,2,91,91,2,91,2,91,91,2,91,2,2,91,91,91,91,2,91,82,2,36,91,2,2,91,91,91,91,82,91,91,91,91,82,91,2,91,91,91,91,2,82,91,91,2,91#91,82,91,2,91,91,91,2,91,82,91,91,91,2,91,91,2,91,91,2,2,36,91,91,2,91,91,91,2,91,2,91,2,2,91,2#91,82,91,2,91,2,2,91,91,2,2,36,91,91,2,91,91,91,91#91,91,2,91,2,91,91,2,82,91,91,82,91,91,91,91,82,91,2,2,91,2,91,2,91,91,2,91,91,91,91,91,2,91,91,2,91,91,91,91,2,82,2,36,91,2,82,91,2,91#91,91,91,91,91,91,91,2,91#91,2,91,91,2,2,36,91,91,2,91,91,2,91,91,91,2,36,91,91,91,91,91,91,91,91,91,91,2,2,91,2,82,91,91,91#91,82,91,2,91,91,91,2,82,91,91,91,2,91,2,91,91,2,82,91,82,91,2,82,91,91,91,91,91,2,91,2,82,91,91,2,82,91,2,2,91,91,2#91,91,2,91,91,91,2,91,91,91,91,2,91,91,91,91,91,91,2,91,2,91,2,91,91,2,91#91,2,91,82#91,91,82,91,2,91,91,2,91,82,91,2,91,2,91,91,2,91,91,2,2,91,91,91,91,91,91,91,91,2,91,82,2,36,91,2,82,91,91,91,91,2,91,91,2,91,2#91,91,2,82,91,2,82,91,91,91#91,82,91,2,91,82,91,82,91,2,82,91,91,2,91,2,91,2,91,2,91,91,82,91,91,82,91,91,2,91,82,91,2,91,2,91,2,91#2,36,91,91,2,91,91,2,91,91,91,2,91,2,91,91,2,91,91,91,91,91,91,91,2,91,91,82,91,91,2,91,2,82,91,91,91,91,2,82,91,2,82,91,91,91,91,82#91,2,91,91,91,91#91,2,91,2,91,91,2,91,91,2,91,91,2,91,91,91,2,36,91,91,2,91,2,2#91,82,91,91,2,91,2,91,91,82,91,91,2,91,91,2,91,91,91,91,2,91,91,91,91,91,91,91,91,91,91,82,91,91,2,91,2,91,91,91,91,91,82,91,2,91,2,91,91,91,91,91,91,91,2,91,91,91,91,91,91,91,91,91,91,91,91,2,91,91,2
FBDFA constructed
<dcs56090,"91,2,91,91,2,91,91,2,91,91,91,91,91,91,91,2,91,2,91,91,2,2,91,2,82,91,2,91,82,91,91,91,91,2"><Error,"36,91,2">
<dcs56090,"91,91,91,91,91,2,91,91,2,91,91,2,91,2,91,2,91,2,82,2"><Error,"36,2,36,91,82,91,2,82">
<dcs56090,"91,82,91,91,2,91,2,91,91,2,82,91,2,91,2,91,2,82,91,2,91">
<Error,"2,36,91,2,2,91,91,91,91,2,91,2,82,91,91,91,91,91,2,91,2,91,91,91,91,2,36,2,36,91,91,91,91,91,2,91,91,91,91,91,2,82,91,91,91,91,91,91,2">
<dcs56090,"91,91,2,91,2,2,91,2,2,91,2,91,91,2,91,2,91,91,2,91,91,2,82,91,91,91,91,91,91,91,91,2"><Error,"36,91,2,91,91,82,91,91,91,91,2,91,2,82,91,2,91">
<dcs56090,"91,91,91,91,91,91,91,91,91,91,2,91,82,91,2,91,82,91,91,2,91,91,2,82,91,82,91,91,91,91,91,2,91,91,91,2,82,91,91,2">
<dcs56090,"91,82,91,91,2,91,2,91,2,91,2,91,2,2,91,2,91,91,2,91,91,2,91,2,91">
<Error,"2,36,91,2,82,91,91,2,91,91,91,91">
<dcs56090,"91,2,91,2,2,91,2,91,91,91">
<dcs56090,"91,91,2,91,91,2,91,91,2,91,91,2,2"><Error,"36,91,91,91,91,2,91,91,91,91,91,82,91,91,2,91,2,91,2,91,2,36,91,2,91,2,36,91,91,91,2">
<dcs56090,"91,2,91,2,82,91,2,91,2,91,91,91,91,91,2,91,91,2,82,91,91,2,91,2">
<dcs56090,"91,91,2,91,82,91,2,91,91,2,91,91,2,91,91,2,91,91,2,91,82,91,91,91,91,2,91,82,91,91,91,2,91,2,82,91,91,2">
<dcs56090,"91,2,82,91,91,82,91,91,2,82,91,91,2,91,2,91">
<dcs56090,"91,91,91,91,2">
<dcs56090,"91,91,2,91,2,82,91,91,91,91,91,91,91,2,91,91,2,91,82,91,2,91,91,2,91,2,2,91,91,2,91,2,82,91,91,91,91,2,91,91,91">
<dcs56090,"91,91,91,91,2,91,91,2,82,91,2,91,82,91,91,91,91,91,91,2,91,2,91,91,2,91,82,91,91,91,91,91,91,2">
<dcs56090,"91,2,91,82,91,2,91,91,82">
<dcs56090,"91,2,91,91,2,91,2,91,2,91,91,91,91,91,91,91,82,91,91,2,91,91,91,91,2,91,82,91,2,91,91,2,2">
<dcs56090,"91,91,91,91,2,2,91,2,91,2,2,91,91,91,91,91,91,2,91,2,2"><Error,"36,91,91,2,91,91,2">
<dcs56090,"91,91,2,91,2,91,91,2,91,91,2,91,82,91,82,91,91,2,91,91,91,91,82,91,91,2,91,91,2,2,91,91,91,91,91,2,91,91,91">
<dcs56090,"91,2,91,91,2">
<dcs56090,"91,2,91,91,2,91,2,91,91,2,91,91,91,91,91,91,91,91,91,2,91,2,91,91,2,82,91,2,91,2,82,91,91,91,91,2">
<dcs56090,"91,91,2,91,2,91,91,91,91,2,82,91,91,2,91,91,91,2"><Error,"36">
<dcs56090,"91,2,82,91,91,91,2,91,91,2,91,2,2,91,91,91,91,91,2">
<dcs56090,"91,2,91,91,2,91,2,91,91,2,91,2,2,91,91,91,91,2,91,82,2"><Error,"36,91,2,2,91,91,91,91,82,91,91,91,91,82,91,2,91,91,91,91,2,82,91,91,2,91">
<dcs56090,"91,82,91,2,91,91,91,2,91,82,91,91,91,2,91,91,2,91,91,2,2"><Error,"36,91,91,2,91,91,91,2,91,2,91,2,2,91,2">
<dcs56090,"91,82,91,2,91,2,2,91,91,2,2"><Error,"36,91,91,2,91,91,91,91">
<dcs56090,"91,91,2,91,2,91,91,2,82,91,91,82,91,91,91,91,82,91,2,2,91,2,91,2,91,91,2,91,91,91,91,91,2,91,91,2,91,91,91,91,2,82,2"><Error,"36,91,2,82,91,2,91">
<dcs56090,"91,91,91,91,91,91,91,2,91">
<dcs56090,"91,2,91,91,2,2"><Error,"36,91,91,2,91,91,2,91,91,91,2,36,91,91,91,91,91,91,91,91,91,91,2,2,91,2,82,91,91,91">
<dcs56090,"91,82,91,2,91,91,91,2,82,91,91,91,2,91,2,91,91,2,82,91,82,91,2,82,91,91,91,91,91,2,91,2,82,91,91,2,82,91,2,2,91,91,2">
<dcs56090,"91,91,2,91,91,91,2,91,91,91,91,2,91,91,91,91,91,91,2,91,2,91,2,91,91,2,91">
<dcs56090,"91,2,91,82">
<dcs56090,"91,91,82,91,2,91,91,2,91,82,91,2,91,2,91,91,2,91,91,2,2,91,91,91,91,91,91,91,91,2,91,82,2"><Error,"36,91,2,82,91,91,91,91,2,91,91,2,91,2">
<dcs56090,"91,91,2,82,91,2,82,91,91,91">
<dcs56090,"91,82,91,2,91,82,91,82,91,2,82,91,91,2,91,2,91,2,91,2,91,91,82,91,91,82,91,91,2,91,82,91,2,91,2,91,2,91">
<Error,"2,36,91,91,2,91,91,2,91,91,91,2,91,2,91,91,2,91,91,91,91,91,91,91,2,91,91,82,91,91,2,91,2,82,91,91,91,91,2,82,91,2,82,91,91,91,91,82">
<dcs56090,"91,2,91,91,91,91">
<dcs56090,"91,2,91,2,91,91,2,91,91,2,91,91,2,91,91,91,2"><Error,"36,91,91,2,91,2,2">
<dcs56090,"91,82,91,91,2,91,2,91,91,82,91,91,2,91,91,2,91,91,91,91,2,91,91,91,91,91,91,91,91,91,91,82,91,91,2,91,2,91,91,91,91,91,82,91,2,91,2,91,91,91,91,91,91,91,2,91,91,91,91,91,91,91,91,91,91,91,91,2,91,91,2">


